2024-10-16 08:05:33,173 - INFO - condate 값: 20241000
2024-10-16 08:05:33,173 - INFO - ETL 프로세스 시작.
2024-10-16 08:05:33,173 - INFO - MySQL 연결 중: 175.196.7.45
2024-10-16 08:05:33,199 - INFO - MySQL 연결 성공.
2024-10-16 08:05:33,207 - INFO - Informix 연결 중: 175.196.7.17:1526
2024-10-16 08:05:33,469 - INFO - Informix 연결 성공.
2024-10-16 08:05:33,469 - INFO - 이번 달 매출 및 입금 데이터 추출 중.
2024-10-16 08:05:33,949 - INFO - MySQL 테이블 tb_chain_ar 초기화 중.
2024-10-16 08:05:33,990 - INFO - MySQL로 데이터 삽입 중.
2024-10-16 08:05:33,991 - ERROR - ETL 프로세스 실패: unsupported operand type(s) for +: 'int' and 'NoneType'
2024-10-16 08:06:58,939 - INFO - condate 값: 20241000
2024-10-16 08:06:58,940 - INFO - ETL 프로세스 시작.
2024-10-16 08:06:58,940 - INFO - MySQL 연결 중: 175.196.7.45
2024-10-16 08:06:58,966 - INFO - MySQL 연결 성공.
2024-10-16 08:06:58,974 - INFO - Informix 연결 중: 175.196.7.17:1526
2024-10-16 08:06:59,238 - INFO - Informix 연결 성공.
2024-10-16 08:06:59,238 - INFO - 이번 달 매출 및 입금 데이터 추출 중.
2024-10-16 08:06:59,714 - INFO - MySQL 테이블 tb_chain_ar 초기화 중.
2024-10-16 08:06:59,745 - INFO - MySQL로 데이터 삽입 중.
2024-10-16 08:07:00,185 - INFO - MySQL에 4077개의 데이터 삽입 완료.
2024-10-16 08:07:00,187 - INFO - ETL 프로세스 성공적으로 완료.
2024-10-16 08:12:42,781 - INFO - condate 값: 20241000
2024-10-16 08:12:42,781 - INFO - ETL 프로세스 시작.
2024-10-16 08:12:42,781 - INFO - MySQL 연결 중: 175.196.7.45
2024-10-16 08:12:42,808 - INFO - MySQL 연결 성공.
2024-10-16 08:12:42,816 - INFO - Informix 연결 중: 175.196.7.17:1526
2024-10-16 08:12:43,081 - INFO - Informix 연결 성공.
2024-10-16 08:12:43,081 - INFO - 이번 달 매출 및 입금 데이터 추출 중.
2024-10-16 08:12:43,746 - INFO - MySQL 테이블 tb_chain_ar 초기화 중.
2024-10-16 08:12:43,774 - INFO - MySQL로 데이터 삽입 중.
2024-10-16 08:12:44,545 - INFO - MySQL에 4077개의 데이터 삽입 완료.
2024-10-16 08:12:44,547 - INFO - ETL 프로세스 성공적으로 완료.
2024-10-16 08:34:11,398 - INFO - condate 값: 20241000
2024-10-16 08:34:11,398 - INFO - ETL 프로세스 시작.
2024-10-16 08:34:11,399 - INFO - MySQL 연결 중: 175.196.7.45
2024-10-16 08:34:11,425 - INFO - MySQL 연결 성공.
2024-10-16 08:34:11,433 - INFO - Informix 연결 중: 175.196.7.17:1526
2024-10-16 08:34:11,693 - INFO - Informix 연결 성공.
2024-10-16 08:34:11,693 - INFO - 이번 달 매출 및 입금 데이터 추출 중.
2024-10-16 08:34:12,095 - INFO - MySQL 테이블 tb_chain_ar 초기화 중.
2024-10-16 08:34:12,125 - INFO - MySQL로 데이터 삽입 중.
2024-10-16 08:34:12,168 - INFO - MySQL에 402개의 데이터 삽입 완료.
2024-10-16 08:34:12,171 - INFO - ETL 프로세스 성공적으로 완료.
2024-10-16 08:36:07,694 - INFO - condate 값: 20241000
2024-10-16 08:36:07,694 - INFO - ETL 프로세스 시작.
2024-10-16 08:36:07,694 - INFO - MySQL 연결 중: 175.196.7.45
2024-10-16 08:36:07,722 - INFO - MySQL 연결 성공.
2024-10-16 08:36:07,730 - INFO - Informix 연결 중: 175.196.7.17:1526
2024-10-16 08:36:08,002 - INFO - Informix 연결 성공.
2024-10-16 08:36:08,002 - INFO - 이번 달 매출 및 입금 데이터 추출 중.
2024-10-16 08:36:08,491 - INFO - MySQL 테이블 tb_chain_ar 초기화 중.
2024-10-16 08:36:08,537 - INFO - MySQL로 데이터 삽입 중.
2024-10-16 08:36:09,224 - INFO - MySQL에 4077개의 데이터 삽입 완료.
2024-10-16 08:36:09,226 - INFO - ETL 프로세스 성공적으로 완료.
2024-10-16 08:46:11,950 - INFO - condate 값: 20241000
2024-10-16 08:46:11,950 - INFO - ETL 프로세스 시작.
2024-10-16 08:46:11,950 - INFO - MySQL 연결 중: 175.196.7.45
2024-10-16 08:46:11,976 - INFO - MySQL 연결 성공.
2024-10-16 08:46:11,984 - INFO - Informix 연결 중: 175.196.7.17:1526
2024-10-16 08:46:12,247 - INFO - Informix 연결 성공.
2024-10-16 08:46:12,247 - INFO - 이번 달 매출 및 입금 데이터 추출 중.
2024-10-16 08:46:12,864 - INFO - MySQL 테이블 tb_chain_ar 초기화 중.
2024-10-16 08:46:12,894 - INFO - MySQL로 데이터 삽입 중.
2024-10-16 08:46:13,313 - INFO - MySQL에 4077개의 데이터 삽입 완료.
2024-10-16 08:46:13,316 - INFO - ETL 프로세스 성공적으로 완료.
2024-10-16 08:59:56,675 - INFO - condate 값: 20241000
2024-10-16 08:59:56,675 - INFO - ETL 프로세스 시작.
2024-10-16 08:59:56,675 - INFO - MySQL 연결 중: 175.196.7.45
2024-10-16 08:59:56,702 - INFO - MySQL 연결 성공.
2024-10-16 08:59:56,710 - INFO - Informix 연결 중: 175.196.7.17:1526
2024-10-16 08:59:56,974 - INFO - Informix 연결 성공.
2024-10-16 08:59:56,974 - INFO - 이번 달 매출 및 입금 데이터 추출 중.
2024-10-16 08:59:57,480 - INFO - MySQL 테이블 tb_chain_ar 초기화 중.
2024-10-16 08:59:57,511 - INFO - MySQL로 데이터 삽입 중.
2024-10-16 08:59:57,965 - INFO - MySQL에 4077개의 데이터 삽입 완료.
2024-10-16 08:59:57,967 - INFO - ETL 프로세스 성공적으로 완료.
2024-10-16 09:02:52,348 - INFO - condate 값: 20241000
2024-10-16 09:02:52,348 - INFO - ETL 프로세스 시작.
2024-10-16 09:02:52,348 - INFO - MySQL 연결 중: 175.196.7.45
2024-10-16 09:02:52,374 - INFO - MySQL 연결 성공.
2024-10-16 09:02:52,382 - INFO - Informix 연결 중: 175.196.7.17:1526
2024-10-16 09:02:52,645 - INFO - Informix 연결 성공.
2024-10-16 09:02:52,645 - INFO - 이번 달 매출 및 입금 데이터 추출 중.
2024-10-16 09:02:53,144 - INFO - MySQL 테이블 tb_chain_ar 초기화 중.
2024-10-16 09:02:53,187 - INFO - MySQL로 데이터 삽입 중.
2024-10-16 09:02:54,406 - INFO - MySQL에 4077개의 데이터 삽입 완료.
2024-10-16 09:02:54,408 - INFO - ETL 프로세스 성공적으로 완료.
2024-10-16 09:05:21,449 - INFO - condate 값: 20241000
2024-10-16 09:05:21,449 - INFO - ETL 프로세스 시작.
2024-10-16 09:05:21,449 - INFO - MySQL 연결 중: 175.196.7.45
2024-10-16 09:05:21,475 - INFO - MySQL 연결 성공.
2024-10-16 09:05:21,483 - INFO - Informix 연결 중: 175.196.7.17:1526
2024-10-16 09:05:21,747 - INFO - Informix 연결 성공.
2024-10-16 09:05:21,747 - INFO - 이번 달 매출 및 입금 데이터 추출 중.
2024-10-16 09:05:22,256 - INFO - MySQL 테이블 tb_chain_ar 초기화 중.
2024-10-16 09:05:22,289 - INFO - MySQL로 데이터 삽입 중.
2024-10-16 09:05:23,140 - INFO - MySQL에 4077개의 데이터 삽입 완료.
2024-10-16 09:05:23,143 - INFO - ETL 프로세스 성공적으로 완료.
2024-10-16 09:06:19,651 - INFO - condate 값: 20241000
2024-10-16 09:06:19,651 - INFO - ETL 프로세스 시작.
2024-10-16 09:06:19,651 - INFO - MySQL 연결 중: 175.196.7.45
2024-10-16 09:06:19,678 - INFO - MySQL 연결 성공.
2024-10-16 09:06:19,685 - INFO - Informix 연결 중: 175.196.7.17:1526
2024-10-16 09:06:19,947 - INFO - Informix 연결 성공.
2024-10-16 09:06:19,947 - INFO - 이번 달 매출 및 입금 데이터 추출 중.
2024-10-16 09:06:20,633 - INFO - MySQL 테이블 tb_chain_ar 초기화 중.
2024-10-16 09:06:20,667 - INFO - MySQL로 데이터 삽입 중.
2024-10-16 09:06:20,668 - ERROR - ETL 프로세스 실패: can only concatenate str (not "int") to str
2024-10-16 09:06:52,260 - INFO - condate 값: 20241000
2024-10-16 09:06:52,260 - INFO - ETL 프로세스 시작.
2024-10-16 09:06:52,260 - INFO - MySQL 연결 중: 175.196.7.45
2024-10-16 09:06:52,287 - INFO - MySQL 연결 성공.
2024-10-16 09:06:52,295 - INFO - Informix 연결 중: 175.196.7.17:1526
2024-10-16 09:06:52,560 - INFO - Informix 연결 성공.
2024-10-16 09:06:52,560 - INFO - 이번 달 매출 및 입금 데이터 추출 중.
2024-10-16 09:06:53,066 - INFO - MySQL 테이블 tb_chain_ar 초기화 중.
2024-10-16 09:06:53,110 - INFO - MySQL로 데이터 삽입 중.
2024-10-16 09:06:54,603 - INFO - MySQL에 4077개의 데이터 삽입 완료.
2024-10-16 09:06:54,605 - INFO - ETL 프로세스 성공적으로 완료.
2024-10-16 09:07:18,497 - INFO - condate 값: 20241000
2024-10-16 09:07:18,497 - INFO - ETL 프로세스 시작.
2024-10-16 09:07:18,497 - INFO - MySQL 연결 중: 175.196.7.45
2024-10-16 09:07:18,524 - INFO - MySQL 연결 성공.
2024-10-16 09:07:18,532 - INFO - Informix 연결 중: 175.196.7.17:1526
2024-10-16 09:07:18,812 - INFO - Informix 연결 성공.
2024-10-16 09:07:18,812 - INFO - 이번 달 매출 및 입금 데이터 추출 중.
2024-10-16 09:07:19,414 - INFO - MySQL 테이블 tb_chain_ar 초기화 중.
2024-10-16 09:07:19,444 - INFO - MySQL로 데이터 삽입 중.
2024-10-16 09:07:20,204 - INFO - MySQL에 4077개의 데이터 삽입 완료.
2024-10-16 09:07:20,207 - INFO - ETL 프로세스 성공적으로 완료.
2024-10-16 09:07:43,869 - INFO - condate 값: 20241000
2024-10-16 09:07:43,869 - INFO - ETL 프로세스 시작.
2024-10-16 09:07:43,869 - INFO - MySQL 연결 중: 175.196.7.45
2024-10-16 09:07:43,896 - INFO - MySQL 연결 성공.
2024-10-16 09:07:43,904 - INFO - Informix 연결 중: 175.196.7.17:1526
2024-10-16 09:07:44,151 - INFO - Informix 연결 성공.
2024-10-16 09:07:44,165 - INFO - 이번 달 매출 및 입금 데이터 추출 중.
2024-10-16 09:07:44,905 - INFO - MySQL 테이블 tb_chain_ar 초기화 중.
2024-10-16 09:07:44,939 - INFO - MySQL로 데이터 삽입 중.
2024-10-16 09:07:44,940 - ERROR - ETL 프로세스 실패: can only concatenate str (not "int") to str
2024-10-16 09:09:48,689 - INFO - condate 값: 20241000
2024-10-16 09:09:48,689 - INFO - ETL 프로세스 시작.
2024-10-16 09:09:48,689 - INFO - MySQL 연결 중: 175.196.7.45
2024-10-16 09:09:48,716 - INFO - MySQL 연결 성공.
2024-10-16 09:09:48,724 - INFO - Informix 연결 중: 175.196.7.17:1526
2024-10-16 09:09:48,988 - INFO - Informix 연결 성공.
2024-10-16 09:09:48,988 - INFO - 이번 달 매출 및 입금 데이터 추출 중.
2024-10-16 09:09:49,695 - INFO - MySQL 테이블 tb_chain_ar 초기화 중.
2024-10-16 09:09:49,738 - INFO - MySQL로 데이터 삽입 중.
2024-10-16 09:09:49,742 - ERROR - ETL 프로세스 실패: can only concatenate str (not "int") to str
2024-10-16 09:13:39,599 - INFO - condate 값: 20241000
2024-10-16 09:13:39,599 - INFO - ETL 프로세스 시작.
2024-10-16 09:13:39,599 - INFO - MySQL 연결 중: 175.196.7.45
2024-10-16 09:13:39,626 - INFO - MySQL 연결 성공.
2024-10-16 09:13:39,634 - INFO - Informix 연결 중: 175.196.7.17:1526
2024-10-16 09:13:39,893 - INFO - Informix 연결 성공.
2024-10-16 09:13:39,893 - INFO - 이번 달 매출 및 입금 데이터 추출 중.
2024-10-16 09:13:40,568 - INFO - MySQL 테이블 tb_chain_ar 초기화 중.
2024-10-16 09:13:40,601 - INFO - MySQL로 데이터 삽입 중.
2024-10-16 09:13:41,959 - INFO - MySQL에 4077개의 데이터 삽입 완료.
2024-10-16 09:13:41,960 - INFO - ETL 프로세스 성공적으로 완료.
2024-10-16 09:14:11,437 - INFO - condate 값: 20241000
2024-10-16 09:14:11,437 - INFO - ETL 프로세스 시작.
2024-10-16 09:14:11,437 - INFO - MySQL 연결 중: 175.196.7.45
2024-10-16 09:14:11,464 - INFO - MySQL 연결 성공.
2024-10-16 09:14:11,472 - INFO - Informix 연결 중: 175.196.7.17:1526
2024-10-16 09:14:11,745 - INFO - Informix 연결 성공.
2024-10-16 09:14:11,745 - INFO - 이번 달 매출 및 입금 데이터 추출 중.
2024-10-16 09:14:12,474 - INFO - MySQL 테이블 tb_chain_ar 초기화 중.
2024-10-16 09:14:12,505 - INFO - MySQL로 데이터 삽입 중.
2024-10-16 09:14:12,506 - ERROR - ETL 프로세스 실패: 1054 (42S22): Unknown column 'full_name' in 'field list'
2024-10-16 09:14:39,642 - INFO - condate 값: 20241000
2024-10-16 09:14:39,642 - INFO - ETL 프로세스 시작.
2024-10-16 09:14:39,642 - INFO - MySQL 연결 중: 175.196.7.45
2024-10-16 09:14:39,668 - INFO - MySQL 연결 성공.
2024-10-16 09:14:39,676 - INFO - Informix 연결 중: 175.196.7.17:1526
2024-10-16 09:14:39,919 - INFO - Informix 연결 성공.
2024-10-16 09:14:39,919 - INFO - 이번 달 매출 및 입금 데이터 추출 중.
2024-10-16 09:14:40,616 - INFO - MySQL 테이블 tb_chain_ar 초기화 중.
2024-10-16 09:14:40,658 - INFO - MySQL로 데이터 삽입 중.
2024-10-16 09:14:41,778 - INFO - MySQL에 4077개의 데이터 삽입 완료.
2024-10-16 09:14:41,781 - INFO - ETL 프로세스 성공적으로 완료.
2024-10-16 09:20:01,448 - INFO - condate 값: 20241000
2024-10-16 09:20:01,448 - INFO - ETL 프로세스 시작.
2024-10-16 09:20:01,448 - INFO - MySQL 연결 중: 175.196.7.45
2024-10-16 09:20:01,474 - INFO - MySQL 연결 성공.
2024-10-16 09:20:01,482 - INFO - Informix 연결 중: 175.196.7.17:1526
2024-10-16 09:20:01,732 - INFO - Informix 연결 성공.
2024-10-16 09:20:01,733 - INFO - 이번 달 매출 및 입금 데이터 추출 중.
2024-10-16 09:20:02,465 - INFO - MySQL 테이블 tb_chain_ar 초기화 중.
2024-10-16 09:20:02,497 - INFO - MySQL로 데이터 삽입 중.
2024-10-16 09:20:03,633 - INFO - MySQL에 4077개의 데이터 삽입 완료.
2024-10-16 09:20:03,635 - INFO - ETL 프로세스 성공적으로 완료.
