2024-10-16 07:42:32,992 - INFO - condate 값: 20241000
2024-10-16 07:42:32,992 - INFO - ETL 프로세스 시작.
2024-10-16 07:42:32,993 - INFO - Informix 연결 중: 175.196.7.17:1526
2024-10-16 07:42:33,250 - INFO - Informix 연결 성공.
2024-10-16 07:42:33,277 - ERROR - ETL 프로세스 실패: java.sql.SQLException: The specified table (tb_chain_ar_junmisu) is not in the database.
2024-10-16 07:46:30,045 - INFO - condate 값: 20241000
2024-10-16 07:46:30,045 - INFO - ETL 프로세스 시작.
2024-10-16 07:46:30,045 - INFO - MySQL 연결 중: 175.196.7.45
2024-10-16 07:46:30,072 - INFO - MySQL 연결 성공.
2024-10-16 07:46:30,080 - INFO - Informix 연결 중: 175.196.7.17:1526
2024-10-16 07:46:30,342 - INFO - Informix 연결 성공.
2024-10-16 07:46:30,342 - INFO - 이번 달 매출 및 입금 데이터 추출 중.
2024-10-16 07:46:30,818 - INFO - MySQL 테이블 tb_chain_ar 초기화 중.
2024-10-16 07:46:30,848 - INFO - MySQL로 데이터 삽입 중.
2024-10-16 07:46:30,848 - ERROR - ETL 프로세스 실패: unsupported operand type(s) for +: 'int' and 'NoneType'
2024-10-16 07:53:09,197 - INFO - condate 값: 20241000
2024-10-16 07:53:09,197 - INFO - ETL 프로세스 시작.
2024-10-16 07:53:09,197 - INFO - MySQL 연결 중: 175.196.7.45
2024-10-16 07:53:09,225 - INFO - MySQL 연결 성공.
2024-10-16 07:53:09,233 - INFO - Informix 연결 중: 175.196.7.17:1526
2024-10-16 07:53:09,506 - INFO - Informix 연결 성공.
2024-10-16 07:53:09,506 - INFO - 이번 달 매출 및 입금 데이터 추출 중.
2024-10-16 07:53:10,016 - INFO - MySQL 테이블 tb_chain_ar 초기화 중.
2024-10-16 07:53:10,046 - INFO - MySQL로 데이터 삽입 중.
2024-10-16 07:53:10,046 - ERROR - ETL 프로세스 실패: unsupported operand type(s) for +: 'int' and 'NoneType'
2024-10-16 07:54:47,177 - INFO - condate 값: 20241000
2024-10-16 07:54:47,177 - INFO - ETL 프로세스 시작.
2024-10-16 07:54:47,177 - INFO - MySQL 연결 중: 175.196.7.45
2024-10-16 07:54:47,203 - INFO - MySQL 연결 성공.
2024-10-16 07:54:47,211 - INFO - Informix 연결 중: 175.196.7.17:1526
2024-10-16 07:54:47,476 - INFO - Informix 연결 성공.
2024-10-16 07:54:47,476 - INFO - 이번 달 매출 및 입금 데이터 추출 중.
2024-10-16 07:54:48,109 - INFO - MySQL 테이블 tb_chain_ar 초기화 중.
2024-10-16 07:54:48,138 - INFO - MySQL로 데이터 삽입 중.
2024-10-16 07:54:48,162 - ERROR - ETL 프로세스 실패: 1264 (22003): Out of range value for column 'JUNMISU' at row 1
2024-10-16 07:59:10,837 - INFO - condate 값: 20241000
2024-10-16 07:59:10,837 - INFO - ETL 프로세스 시작.
2024-10-16 07:59:10,837 - INFO - MySQL 연결 중: 175.196.7.45
2024-10-16 07:59:10,864 - INFO - MySQL 연결 성공.
2024-10-16 07:59:10,872 - INFO - Informix 연결 중: 175.196.7.17:1526
2024-10-16 07:59:11,129 - INFO - Informix 연결 성공.
2024-10-16 07:59:11,130 - INFO - 이번 달 매출 및 입금 데이터 추출 중.
2024-10-16 07:59:11,611 - INFO - MySQL 테이블 tb_chain_ar 초기화 중.
2024-10-16 07:59:11,635 - INFO - MySQL로 데이터 삽입 중.
2024-10-16 07:59:12,034 - INFO - MySQL에 4077개의 데이터 삽입 완료.
2024-10-16 07:59:12,034 - ERROR - ETL 프로세스 실패: 1146 (42S02): Table 'nolboo.tb_etl_log' doesn't exist
2024-10-16 08:03:05,427 - INFO - condate 값: 20241000
2024-10-16 08:03:05,427 - INFO - ETL 프로세스 시작.
2024-10-16 08:03:05,428 - INFO - MySQL 연결 중: 175.196.7.45
2024-10-16 08:03:05,454 - INFO - MySQL 연결 성공.
2024-10-16 08:03:05,462 - INFO - Informix 연결 중: 175.196.7.17:1526
2024-10-16 08:03:05,716 - INFO - Informix 연결 성공.
2024-10-16 08:03:05,730 - INFO - 이번 달 매출 및 입금 데이터 추출 중.
2024-10-16 08:03:06,205 - INFO - MySQL 테이블 tb_chain_ar 초기화 중.
2024-10-16 08:03:06,238 - INFO - MySQL로 데이터 삽입 중.
2024-10-16 08:03:07,456 - INFO - MySQL에 4077개의 데이터 삽입 완료.
2024-10-16 08:03:07,457 - ERROR - ETL 프로세스 실패: 1146 (42S02): Table 'nolboo.tb_etl_log' doesn't exist
