2024-10-15 15:24:29,290 - INFO - ETL 프로세스 시작.
2024-10-15 15:24:29,290 - INFO - Informix 연결 중: 175.196.7.17:1526
2024-10-15 15:24:29,549 - INFO - Informix 연결 성공.
2024-10-15 15:24:29,549 - INFO - Informix 쿼리 실행 중.
2024-10-15 15:24:29,564 - ERROR - ETL 프로세스 실패: java.sql.SQLSyntaxErrorException: A syntax error has occurred.
2024-10-15 15:26:05,673 - INFO - ETL 프로세스 시작.
2024-10-15 15:26:05,673 - INFO - Informix 연결 중: 175.196.7.17:1526
2024-10-15 15:26:05,935 - INFO - Informix 연결 성공.
2024-10-15 15:26:05,935 - INFO - Informix 쿼리 실행 중.
2024-10-15 15:26:06,536 - INFO - Informix에서 2494개의 데이터 추출 성공.
2024-10-15 15:26:06,536 - INFO - MySQL 연결 중: 175.196.7.45
2024-10-15 15:26:06,563 - INFO - MySQL 연결 성공.
2024-10-15 15:26:06,563 - INFO - MySQL 테이블 tb_chain_ar 초기화 중.
2024-10-15 15:26:06,592 - INFO - MySQL로 데이터 삽입 중.
2024-10-15 15:26:06,594 - ERROR - ETL 프로세스 실패: 1054 (42S22): Unknown column 'DAEAMT' in 'field list'
2024-10-15 15:28:25,082 - INFO - ETL 프로세스 시작.
2024-10-15 15:28:25,082 - INFO - Informix 연결 중: 175.196.7.17:1526
2024-10-15 15:28:25,345 - INFO - Informix 연결 성공.
2024-10-15 15:28:25,345 - INFO - Informix 쿼리 실행 중.
2024-10-15 15:28:25,942 - INFO - Informix에서 2494개의 데이터 추출 성공.
2024-10-15 15:28:25,942 - INFO - MySQL 연결 중: 175.196.7.45
2024-10-15 15:28:25,968 - INFO - MySQL 연결 성공.
2024-10-15 15:28:25,968 - INFO - MySQL 테이블 tb_chain_ar 초기화 중.
2024-10-15 15:28:25,999 - INFO - MySQL로 데이터 삽입 중.
2024-10-15 15:28:26,448 - INFO - MySQL에 2494개의 데이터 삽입 완료.
2024-10-15 15:28:26,506 - INFO - ETL 프로세스 성공적으로 완료.
2024-10-15 16:09:01,140 - INFO - ETL 프로세스 시작.
2024-10-15 16:09:01,141 - INFO - Informix 연결 중: 175.196.7.17:1526
2024-10-15 16:09:01,400 - INFO - Informix 연결 성공.
2024-10-15 16:09:01,400 - INFO - Informix 쿼리 실행 중.
2024-10-15 16:09:02,038 - INFO - Informix에서 2497개의 데이터 추출 성공.
2024-10-15 16:09:02,038 - INFO - MySQL 연결 중: 175.196.7.45
2024-10-15 16:09:02,066 - INFO - MySQL 연결 성공.
2024-10-15 16:09:02,066 - INFO - MySQL 테이블 tb_chain_ar 초기화 중.
2024-10-15 16:09:02,096 - INFO - MySQL로 데이터 삽입 중.
2024-10-15 16:09:02,390 - INFO - MySQL에 2497개의 데이터 삽입 완료.
2024-10-15 16:09:02,392 - INFO - ETL 프로세스 성공적으로 완료.
2024-10-15 16:16:34,127 - INFO - ETL 프로세스 시작.
2024-10-15 16:16:34,128 - INFO - Informix 연결 중: 175.196.7.17:1526
2024-10-15 16:16:34,388 - INFO - Informix 연결 성공.
2024-10-15 16:16:34,388 - INFO - Informix 쿼리 실행 중.
2024-10-15 16:16:35,072 - INFO - Informix에서 2497개의 데이터 추출 성공.
2024-10-15 16:16:35,072 - INFO - MySQL 연결 중: 175.196.7.45
2024-10-15 16:16:35,100 - INFO - MySQL 연결 성공.
2024-10-15 16:16:35,100 - INFO - MySQL 테이블 tb_chain_ar 초기화 중.
2024-10-15 16:16:35,131 - INFO - MySQL로 데이터 삽입 중.
2024-10-15 16:16:35,936 - INFO - MySQL에 2497개의 데이터 삽입 완료.
2024-10-15 16:16:35,939 - INFO - ETL 프로세스 성공적으로 완료.
2024-10-15 16:21:55,473 - INFO - ETL 프로세스 시작.
2024-10-15 16:21:55,473 - INFO - Informix 연결 중: 175.196.7.17:1526
2024-10-15 16:21:55,736 - INFO - Informix 연결 성공.
2024-10-15 16:21:55,736 - INFO - Informix 쿼리 실행 중.
2024-10-15 16:21:56,390 - INFO - Informix에서 2497개의 데이터 추출 성공.
2024-10-15 16:21:56,390 - INFO - MySQL 연결 중: 175.196.7.45
2024-10-15 16:21:56,417 - INFO - MySQL 연결 성공.
2024-10-15 16:21:56,417 - INFO - MySQL 테이블 tb_chain_ar 초기화 중.
2024-10-15 16:21:56,442 - INFO - MySQL로 데이터 삽입 중.
2024-10-15 16:21:56,766 - INFO - MySQL에 2497개의 데이터 삽입 완료.
2024-10-15 16:21:56,772 - INFO - ETL 프로세스 성공적으로 완료.
2024-10-15 16:23:04,509 - INFO - ETL 프로세스 시작.
2024-10-15 16:23:04,509 - INFO - Informix 연결 중: 175.196.7.17:1526
2024-10-15 16:23:04,799 - INFO - Informix 연결 성공.
2024-10-15 16:23:04,799 - INFO - Informix 쿼리 실행 중.
2024-10-15 16:23:05,464 - INFO - Informix에서 2497개의 데이터 추출 성공.
2024-10-15 16:23:05,464 - INFO - MySQL 연결 중: 175.196.7.45
2024-10-15 16:23:05,492 - INFO - MySQL 연결 성공.
2024-10-15 16:23:05,492 - INFO - MySQL 테이블 tb_chain_ar 초기화 중.
2024-10-15 16:23:05,534 - INFO - MySQL로 데이터 삽입 중.
2024-10-15 16:23:06,654 - INFO - MySQL에 2497개의 데이터 삽입 완료.
2024-10-15 16:23:06,657 - INFO - ETL 프로세스 성공적으로 완료.
2024-10-15 16:28:51,159 - INFO - ETL 프로세스 시작.
2024-10-15 16:28:51,159 - INFO - Informix 연결 중: 175.196.7.17:1526
2024-10-15 16:28:51,432 - INFO - Informix 연결 성공.
2024-10-15 16:28:51,434 - INFO - Informix 쿼리 실행 중.
2024-10-15 16:28:52,121 - INFO - Informix에서 2497개의 데이터 추출 성공.
2024-10-15 16:28:52,121 - INFO - MySQL 연결 중: 175.196.7.45
2024-10-15 16:28:52,148 - INFO - MySQL 연결 성공.
2024-10-15 16:28:52,148 - INFO - MySQL 테이블 tb_chain_ar 초기화 중.
2024-10-15 16:28:52,181 - INFO - MySQL로 데이터 삽입 중.
2024-10-15 16:28:53,210 - INFO - MySQL에 2497개의 데이터 삽입 완료.
2024-10-15 16:28:53,212 - INFO - ETL 프로세스 성공적으로 완료.
