2024-10-15 17:48:53,999 - INFO - condate 값: 20241000
2024-10-15 17:48:53,999 - INFO - ETL 프로세스 시작.
2024-10-15 17:48:53,999 - INFO - Informix 연결 중: 175.196.7.17:1526
2024-10-15 17:48:54,260 - INFO - Informix 연결 성공.
2024-10-15 17:48:54,260 - INFO - Informix 쿼리 실행 중.
2024-10-15 17:48:54,444 - INFO - Informix에서 4077개의 데이터 추출 성공.
2024-10-15 17:48:54,444 - INFO - MySQL 연결 중: 175.196.7.45
2024-10-15 17:48:54,471 - INFO - MySQL 연결 성공.
2024-10-15 17:48:54,471 - INFO - MySQL 테이블 tb_chain_ar_junmisu 초기화 중.
2024-10-15 17:48:54,500 - INFO - MySQL로 데이터 삽입 중.
2024-10-15 17:48:54,500 - ERROR - ETL 프로세스 실패: 1292 (22007): Incorrect date value: '20241000' for column 'CONDATE' at row 1
2024-10-15 17:50:04,636 - INFO - condate 값: 20241000
2024-10-15 17:50:04,636 - INFO - ETL 프로세스 시작.
2024-10-15 17:50:04,636 - INFO - Informix 연결 중: 175.196.7.17:1526
2024-10-15 17:50:04,929 - INFO - Informix 연결 성공.
2024-10-15 17:50:04,929 - INFO - Informix 쿼리 실행 중.
2024-10-15 17:50:05,115 - INFO - Informix에서 4077개의 데이터 추출 성공.
2024-10-15 17:50:05,115 - INFO - MySQL 연결 중: 175.196.7.45
2024-10-15 17:50:05,142 - INFO - MySQL 연결 성공.
2024-10-15 17:50:05,142 - INFO - MySQL 테이블 tb_chain_ar_junmisu 초기화 중.
2024-10-15 17:50:05,172 - INFO - MySQL로 데이터 삽입 중.
2024-10-15 17:50:05,172 - ERROR - ETL 프로세스 실패: Not all parameters were used in the SQL statement
2024-10-15 17:52:13,760 - INFO - condate 값: 20241000
2024-10-15 17:52:13,760 - INFO - ETL 프로세스 시작.
2024-10-15 17:52:13,760 - INFO - Informix 연결 중: 175.196.7.17:1526
2024-10-15 17:52:14,038 - INFO - Informix 연결 성공.
2024-10-15 17:52:14,038 - INFO - Informix 쿼리 실행 중.
2024-10-15 17:52:14,235 - INFO - Informix에서 4077개의 데이터 추출 성공.
2024-10-15 17:52:14,235 - INFO - MySQL 연결 중: 175.196.7.45
2024-10-15 17:52:14,262 - INFO - MySQL 연결 성공.
2024-10-15 17:52:14,263 - INFO - MySQL 테이블 tb_chain_ar_junmisu 초기화 중.
2024-10-15 17:52:14,289 - INFO - MySQL로 데이터 삽입 중.
2024-10-15 17:52:14,289 - ERROR - ETL 프로세스 실패: Not all parameters were used in the SQL statement
2024-10-15 17:52:42,775 - INFO - condate 값: 20241000
2024-10-15 17:52:42,775 - INFO - ETL 프로세스 시작.
2024-10-15 17:52:42,775 - INFO - Informix 연결 중: 175.196.7.17:1526
2024-10-15 17:52:43,037 - INFO - Informix 연결 성공.
2024-10-15 17:52:43,037 - INFO - Informix 쿼리 실행 중.
2024-10-15 17:52:43,210 - INFO - Informix에서 4077개의 데이터 추출 성공.
2024-10-15 17:52:43,210 - INFO - MySQL 연결 중: 175.196.7.45
2024-10-15 17:52:43,237 - INFO - MySQL 연결 성공.
2024-10-15 17:52:43,237 - INFO - MySQL 테이블 tb_chain_ar_junmisu 초기화 중.
2024-10-15 17:52:43,265 - INFO - MySQL로 데이터 삽입 중.
2024-10-15 17:52:43,265 - ERROR - ETL 프로세스 실패: Not all parameters were used in the SQL statement
2024-10-15 17:54:09,433 - INFO - condate 값: 20241000
2024-10-15 17:54:09,433 - INFO - ETL 프로세스 시작.
2024-10-15 17:54:09,433 - INFO - Informix 연결 중: 175.196.7.17:1526
2024-10-15 17:54:09,694 - INFO - Informix 연결 성공.
2024-10-15 17:54:09,694 - INFO - Informix 쿼리 실행 중.
2024-10-15 17:54:09,903 - INFO - Informix에서 4077개의 데이터 추출 성공.
2024-10-15 17:54:09,903 - INFO - MySQL 연결 중: 175.196.7.45
2024-10-15 17:54:09,930 - INFO - MySQL 연결 성공.
2024-10-15 17:54:09,930 - INFO - MySQL 테이블 tb_chain_ar_junmisu 초기화 중.
2024-10-15 17:54:09,961 - INFO - MySQL로 데이터 삽입 중.
2024-10-15 17:54:09,963 - ERROR - ETL 프로세스 실패: 1264 (22003): Out of range value for column 'JUNMISUAMT' at row 1
