2024-09-14 02:00:01,701 - INFO - Starting ETL process to fetch all records.
2024-09-14 02:00:01,701 - INFO - Connecting to Informix at 175.196.7.17:1526
2024-09-14 02:00:02,014 - INFO - Connected to Informix.
2024-09-14 02:00:02,014 - INFO - Executing query: SELECT * FROM cm_item_master
2024-09-14 02:00:05,331 - INFO - Fetched 8807 records from Informix.
2024-09-14 02:00:05,331 - INFO - Connecting to MySQL at 175.196.7.45 with UTF-8 charset
2024-09-14 02:00:05,357 - INFO - Connected to MySQL.
2024-09-14 02:00:05,357 - INFO - Truncating the MySQL table tb_item_master
2024-09-14 02:00:05,386 - INFO - MySQL table tb_item_master truncated successfully.
2024-09-14 02:00:05,386 - INFO - Sample row (converted to UTF-8): ('6051511', '6051511', '구)화이바원형', '화이바원형          ', '01', '개', '999', '기타', '1', 'outcd', 'incod', '1', '2', '       ', 0.0, '2', 10.0, 10.0, 5.0, '1100', '0', '4', 'N', '3 ', 'N', 'N', 'N', None, 0.0, 'Y', 'N', 'Y', ' ', '1', 'Y', 1.0, 1, 500, 1.0, '1', 1.0, '1', '1', 1, 0.0, 0.0, 0.0, '1', '1', '0', '09', '20040101', '29991231', '화이바원형                    ', None, None, None, None, '60', None, None, '0', None, None, None, '2', 'N', 'N', None, None, None, '12110', None, None, None, None, None, None)
2024-09-14 02:00:07,170 - ERROR - Failed to decode value ³îºÎ¹«±³µ¿³«ÁöººÀ½(¹øµé)(ÀÏ¹ÝÀ: 'euc_kr' codec can't decode byte 0xc0 in position 29: incomplete multibyte sequence
2024-09-14 02:00:07,387 - ERROR - Failed to decode value ³îºÎ ¿å½É´ãÀº ºÎ´ëÂî°³(ÀÏ¹ÝÀ¯Å: 'euc_kr' codec can't decode byte 0xc5 in position 29: incomplete multibyte sequence
2024-09-14 02:00:07,509 - ERROR - Failed to decode value ³îºÎ ¿å½É´ãÀº ÁÖ²Ù¹ÌººÀ½(¸Å¿î¸: 'euc_kr' codec can't decode byte 0xb8 in position 29: incomplete multibyte sequence
2024-09-14 02:00:07,509 - ERROR - Failed to decode value ³îºÎ ¿å½É´ãÀº ÁÖ²Ù¹ÌººÀ½(¾à°£¸: 'euc_kr' codec can't decode byte 0xb8 in position 29: incomplete multibyte sequence
2024-09-14 02:00:07,519 - ERROR - Failed to decode value À¯¾î½ºÀ§´ëÇÑÄ¡Áî¼Ò½ÃÁö(GSÆíÀÇÁ: 'euc_kr' codec can't decode byte 0xc1 in position 29: incomplete multibyte sequence
2024-09-14 02:00:07,521 - ERROR - Failed to decode value ³îºÎ±èÄ¡ºÎ´ëÂî°³(³ªµé°¡°Ô)(¿Â¶: 'euc_kr' codec can't decode byte 0xb6 in position 29: incomplete multibyte sequence
2024-09-14 02:00:07,524 - ERROR - Failed to decode value ÈÆÁ¦±¸ÀÌÈÄ¶ûÅ©²¿Ä¡(À¯)(ÀÏ¹ÝÀ¯Å: 'euc_kr' codec can't decode byte 0xc5 in position 29: incomplete multibyte sequence
2024-09-14 02:00:07,547 - ERROR - Failed to decode value Á ¿ë±â(7oz)°ËÁ¤: 'euc_kr' codec can't decode byte 0x9a in position 0: illegal multibyte sequence
2024-09-14 02:00:07,548 - ERROR - Failed to decode value Á ¿ë±â ¸®µå: 'euc_kr' codec can't decode byte 0x9a in position 0: illegal multibyte sequence
2024-09-14 02:00:07,673 - ERROR - Failed to decode value À¯Åë»ç¾÷ÆÀ :  ¿ùÇâ ¶±ººÀÌ¼Ò½º(°¡Äª) »ý»ê¿ë - ÀÎÅÍ³: 'euc_kr' codec can't decode byte 0xb3 in position 49: incomplete multibyte sequence
2024-09-14 02:00:07,877 - ERROR - Failed to decode value À¯Åë)ÅÁ¼öÀ°º»´É5ÙíÅÁ¼öÀ°(±¹³»»: 'euc_kr' codec can't decode byte 0xbb in position 29: incomplete multibyte sequence
2024-09-14 02:00:07,903 - ERROR - Failed to decode value À¯Åë)ÄîÞÂüÄ¡: 'euc_kr' codec can't decode byte 0x98 in position 7: illegal multibyte sequence
2024-09-14 02:00:07,903 - ERROR - Failed to decode value À¯Åë)ÄîÞÂüÄ¡       : 'euc_kr' codec can't decode byte 0x98 in position 7: illegal multibyte sequence
2024-09-14 02:00:07,903 - ERROR - Failed to decode value À¯Åë)ÄîÞÂüÄ¡                 : 'euc_kr' codec can't decode byte 0x98 in position 7: illegal multibyte sequence
2024-09-14 02:00:07,988 - ERROR - Failed to decode value F1-3010, ÄîÞ: 'euc_kr' codec can't decode byte 0x98 in position 11: illegal multibyte sequence
2024-09-14 02:00:07,989 - ERROR - Failed to decode value ÀÓÁ÷¿ø)½½¶óÀÌ½º(µÎ¸ÞÄÚ¹«¿¬)»ï°: 'euc_kr' codec can't decode byte 0xb0 in position 29: incomplete multibyte sequence
2024-09-14 02:00:08,048 - INFO - 8807 records were inserted successfully into MySQL.
2024-09-14 02:00:08,048 - INFO - Closed MySQL connection.
2024-09-14 02:00:08,050 - INFO - Closed Informix connection.
2024-09-14 02:00:08,050 - INFO - ETL process for all records completed successfully.
2024-09-15 02:00:02,026 - INFO - Starting ETL process to fetch all records.
2024-09-15 02:00:02,026 - INFO - Connecting to Informix at 175.196.7.17:1526
2024-09-15 02:00:02,358 - INFO - Connected to Informix.
2024-09-15 02:00:02,358 - INFO - Executing query: SELECT * FROM cm_item_master
2024-09-15 02:00:05,823 - INFO - Fetched 8807 records from Informix.
2024-09-15 02:00:05,823 - INFO - Connecting to MySQL at 175.196.7.45 with UTF-8 charset
2024-09-15 02:00:05,850 - INFO - Connected to MySQL.
2024-09-15 02:00:05,850 - INFO - Truncating the MySQL table tb_item_master
2024-09-15 02:00:05,877 - INFO - MySQL table tb_item_master truncated successfully.
2024-09-15 02:00:05,878 - INFO - Sample row (converted to UTF-8): ('6051511', '6051511', '구)화이바원형', '화이바원형          ', '01', '개', '999', '기타', '1', 'outcd', 'incod', '1', '2', '       ', 0.0, '2', 10.0, 10.0, 5.0, '1100', '0', '4', 'N', '3 ', 'N', 'N', 'N', None, 0.0, 'Y', 'N', 'Y', ' ', '1', 'Y', 1.0, 1, 500, 1.0, '1', 1.0, '1', '1', 1, 0.0, 0.0, 0.0, '1', '1', '0', '09', '20040101', '29991231', '화이바원형                    ', None, None, None, None, '60', None, None, '0', None, None, None, '2', 'N', 'N', None, None, None, '12110', None, None, None, None, None, None)
2024-09-15 02:00:07,665 - ERROR - Failed to decode value ³îºÎ¹«±³µ¿³«ÁöººÀ½(¹øµé)(ÀÏ¹ÝÀ: 'euc_kr' codec can't decode byte 0xc0 in position 29: incomplete multibyte sequence
2024-09-15 02:00:07,867 - ERROR - Failed to decode value ³îºÎ ¿å½É´ãÀº ºÎ´ëÂî°³(ÀÏ¹ÝÀ¯Å: 'euc_kr' codec can't decode byte 0xc5 in position 29: incomplete multibyte sequence
2024-09-15 02:00:07,983 - ERROR - Failed to decode value ³îºÎ ¿å½É´ãÀº ÁÖ²Ù¹ÌººÀ½(¸Å¿î¸: 'euc_kr' codec can't decode byte 0xb8 in position 29: incomplete multibyte sequence
2024-09-15 02:00:07,983 - ERROR - Failed to decode value ³îºÎ ¿å½É´ãÀº ÁÖ²Ù¹ÌººÀ½(¾à°£¸: 'euc_kr' codec can't decode byte 0xb8 in position 29: incomplete multibyte sequence
2024-09-15 02:00:07,993 - ERROR - Failed to decode value À¯¾î½ºÀ§´ëÇÑÄ¡Áî¼Ò½ÃÁö(GSÆíÀÇÁ: 'euc_kr' codec can't decode byte 0xc1 in position 29: incomplete multibyte sequence
2024-09-15 02:00:07,995 - ERROR - Failed to decode value ³îºÎ±èÄ¡ºÎ´ëÂî°³(³ªµé°¡°Ô)(¿Â¶: 'euc_kr' codec can't decode byte 0xb6 in position 29: incomplete multibyte sequence
2024-09-15 02:00:07,998 - ERROR - Failed to decode value ÈÆÁ¦±¸ÀÌÈÄ¶ûÅ©²¿Ä¡(À¯)(ÀÏ¹ÝÀ¯Å: 'euc_kr' codec can't decode byte 0xc5 in position 29: incomplete multibyte sequence
2024-09-15 02:00:08,022 - ERROR - Failed to decode value Á ¿ë±â(7oz)°ËÁ¤: 'euc_kr' codec can't decode byte 0x9a in position 0: illegal multibyte sequence
2024-09-15 02:00:08,023 - ERROR - Failed to decode value Á ¿ë±â ¸®µå: 'euc_kr' codec can't decode byte 0x9a in position 0: illegal multibyte sequence
2024-09-15 02:00:08,152 - ERROR - Failed to decode value À¯Åë»ç¾÷ÆÀ :  ¿ùÇâ ¶±ººÀÌ¼Ò½º(°¡Äª) »ý»ê¿ë - ÀÎÅÍ³: 'euc_kr' codec can't decode byte 0xb3 in position 49: incomplete multibyte sequence
2024-09-15 02:00:08,360 - ERROR - Failed to decode value À¯Åë)ÅÁ¼öÀ°º»´É5ÙíÅÁ¼öÀ°(±¹³»»: 'euc_kr' codec can't decode byte 0xbb in position 29: incomplete multibyte sequence
2024-09-15 02:00:08,388 - ERROR - Failed to decode value À¯Åë)ÄîÞÂüÄ¡: 'euc_kr' codec can't decode byte 0x98 in position 7: illegal multibyte sequence
2024-09-15 02:00:08,388 - ERROR - Failed to decode value À¯Åë)ÄîÞÂüÄ¡       : 'euc_kr' codec can't decode byte 0x98 in position 7: illegal multibyte sequence
2024-09-15 02:00:08,388 - ERROR - Failed to decode value À¯Åë)ÄîÞÂüÄ¡                 : 'euc_kr' codec can't decode byte 0x98 in position 7: illegal multibyte sequence
2024-09-15 02:00:08,469 - ERROR - Failed to decode value F1-3010, ÄîÞ: 'euc_kr' codec can't decode byte 0x98 in position 11: illegal multibyte sequence
2024-09-15 02:00:08,471 - ERROR - Failed to decode value ÀÓÁ÷¿ø)½½¶óÀÌ½º(µÎ¸ÞÄÚ¹«¿¬)»ï°: 'euc_kr' codec can't decode byte 0xb0 in position 29: incomplete multibyte sequence
2024-09-15 02:00:08,531 - INFO - 8807 records were inserted successfully into MySQL.
2024-09-15 02:00:08,531 - INFO - Closed MySQL connection.
2024-09-15 02:00:08,533 - INFO - Closed Informix connection.
2024-09-15 02:00:08,533 - INFO - ETL process for all records completed successfully.
2024-09-16 02:00:01,730 - INFO - Starting ETL process to fetch all records.
2024-09-16 02:00:01,730 - INFO - Connecting to Informix at 175.196.7.17:1526
2024-09-16 02:00:02,053 - INFO - Connected to Informix.
2024-09-16 02:00:02,053 - INFO - Executing query: SELECT * FROM cm_item_master
2024-09-16 02:00:05,645 - INFO - Fetched 8807 records from Informix.
2024-09-16 02:00:05,645 - INFO - Connecting to MySQL at 175.196.7.45 with UTF-8 charset
2024-09-16 02:00:05,672 - INFO - Connected to MySQL.
2024-09-16 02:00:05,672 - INFO - Truncating the MySQL table tb_item_master
2024-09-16 02:00:05,698 - INFO - MySQL table tb_item_master truncated successfully.
2024-09-16 02:00:05,699 - INFO - Sample row (converted to UTF-8): ('6051511', '6051511', '구)화이바원형', '화이바원형          ', '01', '개', '999', '기타', '1', 'outcd', 'incod', '1', '2', '       ', 0.0, '2', 10.0, 10.0, 5.0, '1100', '0', '4', 'N', '3 ', 'N', 'N', 'N', None, 0.0, 'Y', 'N', 'Y', ' ', '1', 'Y', 1.0, 1, 500, 1.0, '1', 1.0, '1', '1', 1, 0.0, 0.0, 0.0, '1', '1', '0', '09', '20040101', '29991231', '화이바원형                    ', None, None, None, None, '60', None, None, '0', None, None, None, '2', 'N', 'N', None, None, None, '12110', None, None, None, None, None, None)
2024-09-16 02:00:07,513 - ERROR - Failed to decode value ³îºÎ¹«±³µ¿³«ÁöººÀ½(¹øµé)(ÀÏ¹ÝÀ: 'euc_kr' codec can't decode byte 0xc0 in position 29: incomplete multibyte sequence
2024-09-16 02:00:07,726 - ERROR - Failed to decode value ³îºÎ ¿å½É´ãÀº ºÎ´ëÂî°³(ÀÏ¹ÝÀ¯Å: 'euc_kr' codec can't decode byte 0xc5 in position 29: incomplete multibyte sequence
2024-09-16 02:00:07,848 - ERROR - Failed to decode value ³îºÎ ¿å½É´ãÀº ÁÖ²Ù¹ÌººÀ½(¸Å¿î¸: 'euc_kr' codec can't decode byte 0xb8 in position 29: incomplete multibyte sequence
2024-09-16 02:00:07,849 - ERROR - Failed to decode value ³îºÎ ¿å½É´ãÀº ÁÖ²Ù¹ÌººÀ½(¾à°£¸: 'euc_kr' codec can't decode byte 0xb8 in position 29: incomplete multibyte sequence
2024-09-16 02:00:07,859 - ERROR - Failed to decode value À¯¾î½ºÀ§´ëÇÑÄ¡Áî¼Ò½ÃÁö(GSÆíÀÇÁ: 'euc_kr' codec can't decode byte 0xc1 in position 29: incomplete multibyte sequence
2024-09-16 02:00:07,860 - ERROR - Failed to decode value ³îºÎ±èÄ¡ºÎ´ëÂî°³(³ªµé°¡°Ô)(¿Â¶: 'euc_kr' codec can't decode byte 0xb6 in position 29: incomplete multibyte sequence
2024-09-16 02:00:07,864 - ERROR - Failed to decode value ÈÆÁ¦±¸ÀÌÈÄ¶ûÅ©²¿Ä¡(À¯)(ÀÏ¹ÝÀ¯Å: 'euc_kr' codec can't decode byte 0xc5 in position 29: incomplete multibyte sequence
2024-09-16 02:00:07,887 - ERROR - Failed to decode value Á ¿ë±â(7oz)°ËÁ¤: 'euc_kr' codec can't decode byte 0x9a in position 0: illegal multibyte sequence
2024-09-16 02:00:07,887 - ERROR - Failed to decode value Á ¿ë±â ¸®µå: 'euc_kr' codec can't decode byte 0x9a in position 0: illegal multibyte sequence
2024-09-16 02:00:08,013 - ERROR - Failed to decode value À¯Åë»ç¾÷ÆÀ :  ¿ùÇâ ¶±ººÀÌ¼Ò½º(°¡Äª) »ý»ê¿ë - ÀÎÅÍ³: 'euc_kr' codec can't decode byte 0xb3 in position 49: incomplete multibyte sequence
2024-09-16 02:00:08,216 - ERROR - Failed to decode value À¯Åë)ÅÁ¼öÀ°º»´É5ÙíÅÁ¼öÀ°(±¹³»»: 'euc_kr' codec can't decode byte 0xbb in position 29: incomplete multibyte sequence
2024-09-16 02:00:08,242 - ERROR - Failed to decode value À¯Åë)ÄîÞÂüÄ¡: 'euc_kr' codec can't decode byte 0x98 in position 7: illegal multibyte sequence
2024-09-16 02:00:08,242 - ERROR - Failed to decode value À¯Åë)ÄîÞÂüÄ¡       : 'euc_kr' codec can't decode byte 0x98 in position 7: illegal multibyte sequence
2024-09-16 02:00:08,242 - ERROR - Failed to decode value À¯Åë)ÄîÞÂüÄ¡                 : 'euc_kr' codec can't decode byte 0x98 in position 7: illegal multibyte sequence
2024-09-16 02:00:08,325 - ERROR - Failed to decode value F1-3010, ÄîÞ: 'euc_kr' codec can't decode byte 0x98 in position 11: illegal multibyte sequence
2024-09-16 02:00:08,327 - ERROR - Failed to decode value ÀÓÁ÷¿ø)½½¶óÀÌ½º(µÎ¸ÞÄÚ¹«¿¬)»ï°: 'euc_kr' codec can't decode byte 0xb0 in position 29: incomplete multibyte sequence
2024-09-16 02:00:08,390 - INFO - 8807 records were inserted successfully into MySQL.
2024-09-16 02:00:08,390 - INFO - Closed MySQL connection.
2024-09-16 02:00:08,392 - INFO - Closed Informix connection.
2024-09-16 02:00:08,392 - INFO - ETL process for all records completed successfully.
2024-09-17 02:00:01,186 - INFO - Starting ETL process to fetch all records.
2024-09-17 02:00:01,186 - INFO - Connecting to Informix at 175.196.7.17:1526
2024-09-17 02:00:01,495 - INFO - Connected to Informix.
2024-09-17 02:00:01,496 - INFO - Executing query: SELECT * FROM cm_item_master
2024-09-17 02:00:04,834 - INFO - Fetched 8807 records from Informix.
2024-09-17 02:00:04,834 - INFO - Connecting to MySQL at 175.196.7.45 with UTF-8 charset
2024-09-17 02:00:04,861 - INFO - Connected to MySQL.
2024-09-17 02:00:04,861 - INFO - Truncating the MySQL table tb_item_master
2024-09-17 02:00:04,887 - INFO - MySQL table tb_item_master truncated successfully.
2024-09-17 02:00:04,888 - INFO - Sample row (converted to UTF-8): ('6051511', '6051511', '구)화이바원형', '화이바원형          ', '01', '개', '999', '기타', '1', 'outcd', 'incod', '1', '2', '       ', 0.0, '2', 10.0, 10.0, 5.0, '1100', '0', '4', 'N', '3 ', 'N', 'N', 'N', None, 0.0, 'Y', 'N', 'Y', ' ', '1', 'Y', 1.0, 1, 500, 1.0, '1', 1.0, '1', '1', 1, 0.0, 0.0, 0.0, '1', '1', '0', '09', '20040101', '29991231', '화이바원형                    ', None, None, None, None, '60', None, None, '0', None, None, None, '2', 'N', 'N', None, None, None, '12110', None, None, None, None, None, None)
2024-09-17 02:00:06,654 - ERROR - Failed to decode value ³îºÎ¹«±³µ¿³«ÁöººÀ½(¹øµé)(ÀÏ¹ÝÀ: 'euc_kr' codec can't decode byte 0xc0 in position 29: incomplete multibyte sequence
2024-09-17 02:00:06,871 - ERROR - Failed to decode value ³îºÎ ¿å½É´ãÀº ºÎ´ëÂî°³(ÀÏ¹ÝÀ¯Å: 'euc_kr' codec can't decode byte 0xc5 in position 29: incomplete multibyte sequence
2024-09-17 02:00:06,990 - ERROR - Failed to decode value ³îºÎ ¿å½É´ãÀº ÁÖ²Ù¹ÌººÀ½(¸Å¿î¸: 'euc_kr' codec can't decode byte 0xb8 in position 29: incomplete multibyte sequence
2024-09-17 02:00:06,991 - ERROR - Failed to decode value ³îºÎ ¿å½É´ãÀº ÁÖ²Ù¹ÌººÀ½(¾à°£¸: 'euc_kr' codec can't decode byte 0xb8 in position 29: incomplete multibyte sequence
2024-09-17 02:00:07,000 - ERROR - Failed to decode value À¯¾î½ºÀ§´ëÇÑÄ¡Áî¼Ò½ÃÁö(GSÆíÀÇÁ: 'euc_kr' codec can't decode byte 0xc1 in position 29: incomplete multibyte sequence
2024-09-17 02:00:07,002 - ERROR - Failed to decode value ³îºÎ±èÄ¡ºÎ´ëÂî°³(³ªµé°¡°Ô)(¿Â¶: 'euc_kr' codec can't decode byte 0xb6 in position 29: incomplete multibyte sequence
2024-09-17 02:00:07,006 - ERROR - Failed to decode value ÈÆÁ¦±¸ÀÌÈÄ¶ûÅ©²¿Ä¡(À¯)(ÀÏ¹ÝÀ¯Å: 'euc_kr' codec can't decode byte 0xc5 in position 29: incomplete multibyte sequence
2024-09-17 02:00:07,028 - ERROR - Failed to decode value Á ¿ë±â(7oz)°ËÁ¤: 'euc_kr' codec can't decode byte 0x9a in position 0: illegal multibyte sequence
2024-09-17 02:00:07,029 - ERROR - Failed to decode value Á ¿ë±â ¸®µå: 'euc_kr' codec can't decode byte 0x9a in position 0: illegal multibyte sequence
2024-09-17 02:00:07,149 - ERROR - Failed to decode value À¯Åë»ç¾÷ÆÀ :  ¿ùÇâ ¶±ººÀÌ¼Ò½º(°¡Äª) »ý»ê¿ë - ÀÎÅÍ³: 'euc_kr' codec can't decode byte 0xb3 in position 49: incomplete multibyte sequence
2024-09-17 02:00:07,340 - ERROR - Failed to decode value À¯Åë)ÅÁ¼öÀ°º»´É5ÙíÅÁ¼öÀ°(±¹³»»: 'euc_kr' codec can't decode byte 0xbb in position 29: incomplete multibyte sequence
2024-09-17 02:00:07,363 - ERROR - Failed to decode value À¯Åë)ÄîÞÂüÄ¡: 'euc_kr' codec can't decode byte 0x98 in position 7: illegal multibyte sequence
2024-09-17 02:00:07,363 - ERROR - Failed to decode value À¯Åë)ÄîÞÂüÄ¡       : 'euc_kr' codec can't decode byte 0x98 in position 7: illegal multibyte sequence
2024-09-17 02:00:07,363 - ERROR - Failed to decode value À¯Åë)ÄîÞÂüÄ¡                 : 'euc_kr' codec can't decode byte 0x98 in position 7: illegal multibyte sequence
2024-09-17 02:00:07,441 - ERROR - Failed to decode value F1-3010, ÄîÞ: 'euc_kr' codec can't decode byte 0x98 in position 11: illegal multibyte sequence
2024-09-17 02:00:07,443 - ERROR - Failed to decode value ÀÓÁ÷¿ø)½½¶óÀÌ½º(µÎ¸ÞÄÚ¹«¿¬)»ï°: 'euc_kr' codec can't decode byte 0xb0 in position 29: incomplete multibyte sequence
2024-09-17 02:00:07,501 - INFO - 8807 records were inserted successfully into MySQL.
2024-09-17 02:00:07,502 - INFO - Closed MySQL connection.
2024-09-17 02:00:07,504 - INFO - Closed Informix connection.
2024-09-17 02:00:07,504 - INFO - ETL process for all records completed successfully.
2024-09-18 02:00:01,265 - INFO - Starting ETL process to fetch all records.
2024-09-18 02:00:01,265 - INFO - Connecting to Informix at 175.196.7.17:1526
2024-09-18 02:00:01,569 - INFO - Connected to Informix.
2024-09-18 02:00:01,569 - INFO - Executing query: SELECT * FROM cm_item_master
2024-09-18 02:00:05,089 - INFO - Fetched 8807 records from Informix.
2024-09-18 02:00:05,089 - INFO - Connecting to MySQL at 175.196.7.45 with UTF-8 charset
2024-09-18 02:00:05,116 - INFO - Connected to MySQL.
2024-09-18 02:00:05,116 - INFO - Truncating the MySQL table tb_item_master
2024-09-18 02:00:05,141 - INFO - MySQL table tb_item_master truncated successfully.
2024-09-18 02:00:05,142 - INFO - Sample row (converted to UTF-8): ('6051511', '6051511', '구)화이바원형', '화이바원형          ', '01', '개', '999', '기타', '1', 'outcd', 'incod', '1', '2', '       ', 0.0, '2', 10.0, 10.0, 5.0, '1100', '0', '4', 'N', '3 ', 'N', 'N', 'N', None, 0.0, 'Y', 'N', 'Y', ' ', '1', 'Y', 1.0, 1, 500, 1.0, '1', 1.0, '1', '1', 1, 0.0, 0.0, 0.0, '1', '1', '0', '09', '20040101', '29991231', '화이바원형                    ', None, None, None, None, '60', None, None, '0', None, None, None, '2', 'N', 'N', None, None, None, '12110', None, None, None, None, None, None)
2024-09-18 02:00:06,919 - ERROR - Failed to decode value ³îºÎ¹«±³µ¿³«ÁöººÀ½(¹øµé)(ÀÏ¹ÝÀ: 'euc_kr' codec can't decode byte 0xc0 in position 29: incomplete multibyte sequence
2024-09-18 02:00:07,126 - ERROR - Failed to decode value ³îºÎ ¿å½É´ãÀº ºÎ´ëÂî°³(ÀÏ¹ÝÀ¯Å: 'euc_kr' codec can't decode byte 0xc5 in position 29: incomplete multibyte sequence
2024-09-18 02:00:07,246 - ERROR - Failed to decode value ³îºÎ ¿å½É´ãÀº ÁÖ²Ù¹ÌººÀ½(¸Å¿î¸: 'euc_kr' codec can't decode byte 0xb8 in position 29: incomplete multibyte sequence
2024-09-18 02:00:07,246 - ERROR - Failed to decode value ³îºÎ ¿å½É´ãÀº ÁÖ²Ù¹ÌººÀ½(¾à°£¸: 'euc_kr' codec can't decode byte 0xb8 in position 29: incomplete multibyte sequence
2024-09-18 02:00:07,257 - ERROR - Failed to decode value À¯¾î½ºÀ§´ëÇÑÄ¡Áî¼Ò½ÃÁö(GSÆíÀÇÁ: 'euc_kr' codec can't decode byte 0xc1 in position 29: incomplete multibyte sequence
2024-09-18 02:00:07,259 - ERROR - Failed to decode value ³îºÎ±èÄ¡ºÎ´ëÂî°³(³ªµé°¡°Ô)(¿Â¶: 'euc_kr' codec can't decode byte 0xb6 in position 29: incomplete multibyte sequence
2024-09-18 02:00:07,263 - ERROR - Failed to decode value ÈÆÁ¦±¸ÀÌÈÄ¶ûÅ©²¿Ä¡(À¯)(ÀÏ¹ÝÀ¯Å: 'euc_kr' codec can't decode byte 0xc5 in position 29: incomplete multibyte sequence
2024-09-18 02:00:07,286 - ERROR - Failed to decode value Á ¿ë±â(7oz)°ËÁ¤: 'euc_kr' codec can't decode byte 0x9a in position 0: illegal multibyte sequence
2024-09-18 02:00:07,287 - ERROR - Failed to decode value Á ¿ë±â ¸®µå: 'euc_kr' codec can't decode byte 0x9a in position 0: illegal multibyte sequence
2024-09-18 02:00:07,405 - ERROR - Failed to decode value À¯Åë»ç¾÷ÆÀ :  ¿ùÇâ ¶±ººÀÌ¼Ò½º(°¡Äª) »ý»ê¿ë - ÀÎÅÍ³: 'euc_kr' codec can't decode byte 0xb3 in position 49: incomplete multibyte sequence
2024-09-18 02:00:07,606 - ERROR - Failed to decode value À¯Åë)ÅÁ¼öÀ°º»´É5ÙíÅÁ¼öÀ°(±¹³»»: 'euc_kr' codec can't decode byte 0xbb in position 29: incomplete multibyte sequence
2024-09-18 02:00:07,630 - ERROR - Failed to decode value À¯Åë)ÄîÞÂüÄ¡: 'euc_kr' codec can't decode byte 0x98 in position 7: illegal multibyte sequence
2024-09-18 02:00:07,630 - ERROR - Failed to decode value À¯Åë)ÄîÞÂüÄ¡       : 'euc_kr' codec can't decode byte 0x98 in position 7: illegal multibyte sequence
2024-09-18 02:00:07,630 - ERROR - Failed to decode value À¯Åë)ÄîÞÂüÄ¡                 : 'euc_kr' codec can't decode byte 0x98 in position 7: illegal multibyte sequence
2024-09-18 02:00:07,708 - ERROR - Failed to decode value F1-3010, ÄîÞ: 'euc_kr' codec can't decode byte 0x98 in position 11: illegal multibyte sequence
2024-09-18 02:00:07,710 - ERROR - Failed to decode value ÀÓÁ÷¿ø)½½¶óÀÌ½º(µÎ¸ÞÄÚ¹«¿¬)»ï°: 'euc_kr' codec can't decode byte 0xb0 in position 29: incomplete multibyte sequence
2024-09-18 02:00:07,769 - INFO - 8807 records were inserted successfully into MySQL.
2024-09-18 02:00:07,770 - INFO - Closed MySQL connection.
2024-09-18 02:00:07,772 - INFO - Closed Informix connection.
2024-09-18 02:00:07,773 - INFO - ETL process for all records completed successfully.
2024-09-19 02:00:01,640 - INFO - Starting ETL process to fetch all records.
2024-09-19 02:00:01,640 - INFO - Connecting to Informix at 175.196.7.17:1526
2024-09-19 02:00:01,946 - INFO - Connected to Informix.
2024-09-19 02:00:01,946 - INFO - Executing query: SELECT * FROM cm_item_master
2024-09-19 02:00:05,410 - INFO - Fetched 8807 records from Informix.
2024-09-19 02:00:05,410 - INFO - Connecting to MySQL at 175.196.7.45 with UTF-8 charset
2024-09-19 02:00:05,437 - INFO - Connected to MySQL.
2024-09-19 02:00:05,437 - INFO - Truncating the MySQL table tb_item_master
2024-09-19 02:00:05,463 - INFO - MySQL table tb_item_master truncated successfully.
2024-09-19 02:00:05,464 - INFO - Sample row (converted to UTF-8): ('6051511', '6051511', '구)화이바원형', '화이바원형          ', '01', '개', '999', '기타', '1', 'outcd', 'incod', '1', '2', '       ', 0.0, '2', 10.0, 10.0, 5.0, '1100', '0', '4', 'N', '3 ', 'N', 'N', 'N', None, 0.0, 'Y', 'N', 'Y', ' ', '1', 'Y', 1.0, 1, 500, 1.0, '1', 1.0, '1', '1', 1, 0.0, 0.0, 0.0, '1', '1', '0', '09', '20040101', '29991231', '화이바원형                    ', None, None, None, None, '60', None, None, '0', None, None, None, '2', 'N', 'N', None, None, None, '12110', None, None, None, None, None, None)
2024-09-19 02:00:07,218 - ERROR - Failed to decode value ³îºÎ¹«±³µ¿³«ÁöººÀ½(¹øµé)(ÀÏ¹ÝÀ: 'euc_kr' codec can't decode byte 0xc0 in position 29: incomplete multibyte sequence
2024-09-19 02:00:07,424 - ERROR - Failed to decode value ³îºÎ ¿å½É´ãÀº ºÎ´ëÂî°³(ÀÏ¹ÝÀ¯Å: 'euc_kr' codec can't decode byte 0xc5 in position 29: incomplete multibyte sequence
2024-09-19 02:00:07,541 - ERROR - Failed to decode value ³îºÎ ¿å½É´ãÀº ÁÖ²Ù¹ÌººÀ½(¸Å¿î¸: 'euc_kr' codec can't decode byte 0xb8 in position 29: incomplete multibyte sequence
2024-09-19 02:00:07,542 - ERROR - Failed to decode value ³îºÎ ¿å½É´ãÀº ÁÖ²Ù¹ÌººÀ½(¾à°£¸: 'euc_kr' codec can't decode byte 0xb8 in position 29: incomplete multibyte sequence
2024-09-19 02:00:07,551 - ERROR - Failed to decode value À¯¾î½ºÀ§´ëÇÑÄ¡Áî¼Ò½ÃÁö(GSÆíÀÇÁ: 'euc_kr' codec can't decode byte 0xc1 in position 29: incomplete multibyte sequence
2024-09-19 02:00:07,553 - ERROR - Failed to decode value ³îºÎ±èÄ¡ºÎ´ëÂî°³(³ªµé°¡°Ô)(¿Â¶: 'euc_kr' codec can't decode byte 0xb6 in position 29: incomplete multibyte sequence
2024-09-19 02:00:07,556 - ERROR - Failed to decode value ÈÆÁ¦±¸ÀÌÈÄ¶ûÅ©²¿Ä¡(À¯)(ÀÏ¹ÝÀ¯Å: 'euc_kr' codec can't decode byte 0xc5 in position 29: incomplete multibyte sequence
2024-09-19 02:00:07,579 - ERROR - Failed to decode value Á ¿ë±â(7oz)°ËÁ¤: 'euc_kr' codec can't decode byte 0x9a in position 0: illegal multibyte sequence
2024-09-19 02:00:07,580 - ERROR - Failed to decode value Á ¿ë±â ¸®µå: 'euc_kr' codec can't decode byte 0x9a in position 0: illegal multibyte sequence
2024-09-19 02:00:07,708 - ERROR - Failed to decode value À¯Åë»ç¾÷ÆÀ :  ¿ùÇâ ¶±ººÀÌ¼Ò½º(°¡Äª) »ý»ê¿ë - ÀÎÅÍ³: 'euc_kr' codec can't decode byte 0xb3 in position 49: incomplete multibyte sequence
2024-09-19 02:00:07,914 - ERROR - Failed to decode value À¯Åë)ÅÁ¼öÀ°º»´É5ÙíÅÁ¼öÀ°(±¹³»»: 'euc_kr' codec can't decode byte 0xbb in position 29: incomplete multibyte sequence
2024-09-19 02:00:07,937 - ERROR - Failed to decode value À¯Åë)ÄîÞÂüÄ¡: 'euc_kr' codec can't decode byte 0x98 in position 7: illegal multibyte sequence
2024-09-19 02:00:07,937 - ERROR - Failed to decode value À¯Åë)ÄîÞÂüÄ¡       : 'euc_kr' codec can't decode byte 0x98 in position 7: illegal multibyte sequence
2024-09-19 02:00:07,937 - ERROR - Failed to decode value À¯Åë)ÄîÞÂüÄ¡                 : 'euc_kr' codec can't decode byte 0x98 in position 7: illegal multibyte sequence
2024-09-19 02:00:08,015 - ERROR - Failed to decode value F1-3010, ÄîÞ: 'euc_kr' codec can't decode byte 0x98 in position 11: illegal multibyte sequence
2024-09-19 02:00:08,017 - ERROR - Failed to decode value ÀÓÁ÷¿ø)½½¶óÀÌ½º(µÎ¸ÞÄÚ¹«¿¬)»ï°: 'euc_kr' codec can't decode byte 0xb0 in position 29: incomplete multibyte sequence
2024-09-19 02:00:08,075 - INFO - 8807 records were inserted successfully into MySQL.
2024-09-19 02:00:08,076 - INFO - Closed MySQL connection.
2024-09-19 02:00:08,079 - INFO - Closed Informix connection.
2024-09-19 02:00:08,079 - INFO - ETL process for all records completed successfully.
2024-09-20 02:00:01,660 - INFO - Starting ETL process to fetch all records.
2024-09-20 02:00:01,660 - INFO - Connecting to Informix at 175.196.7.17:1526
2024-09-20 02:00:02,009 - INFO - Connected to Informix.
2024-09-20 02:00:02,009 - INFO - Executing query: SELECT * FROM cm_item_master
2024-09-20 02:00:05,426 - INFO - Fetched 8807 records from Informix.
2024-09-20 02:00:05,426 - INFO - Connecting to MySQL at 175.196.7.45 with UTF-8 charset
2024-09-20 02:00:05,453 - INFO - Connected to MySQL.
2024-09-20 02:00:05,453 - INFO - Truncating the MySQL table tb_item_master
2024-09-20 02:00:05,478 - INFO - MySQL table tb_item_master truncated successfully.
2024-09-20 02:00:05,478 - INFO - Sample row (converted to UTF-8): ('6051511', '6051511', '구)화이바원형', '화이바원형          ', '01', '개', '999', '기타', '1', 'outcd', 'incod', '1', '2', '       ', 0.0, '2', 10.0, 10.0, 5.0, '1100', '0', '4', 'N', '3 ', 'N', 'N', 'N', None, 0.0, 'Y', 'N', 'Y', ' ', '1', 'Y', 1.0, 1, 500, 1.0, '1', 1.0, '1', '1', 1, 0.0, 0.0, 0.0, '1', '1', '0', '09', '20040101', '29991231', '화이바원형                    ', None, None, None, None, '60', None, None, '0', None, None, None, '2', 'N', 'N', None, None, None, '12110', None, None, None, None, None, None)
2024-09-20 02:00:07,389 - ERROR - Failed to decode value ³îºÎ¹«±³µ¿³«ÁöººÀ½(¹øµé)(ÀÏ¹ÝÀ: 'euc_kr' codec can't decode byte 0xc0 in position 29: incomplete multibyte sequence
2024-09-20 02:00:07,592 - ERROR - Failed to decode value ³îºÎ ¿å½É´ãÀº ºÎ´ëÂî°³(ÀÏ¹ÝÀ¯Å: 'euc_kr' codec can't decode byte 0xc5 in position 29: incomplete multibyte sequence
2024-09-20 02:00:07,713 - ERROR - Failed to decode value ³îºÎ ¿å½É´ãÀº ÁÖ²Ù¹ÌººÀ½(¸Å¿î¸: 'euc_kr' codec can't decode byte 0xb8 in position 29: incomplete multibyte sequence
2024-09-20 02:00:07,713 - ERROR - Failed to decode value ³îºÎ ¿å½É´ãÀº ÁÖ²Ù¹ÌººÀ½(¾à°£¸: 'euc_kr' codec can't decode byte 0xb8 in position 29: incomplete multibyte sequence
2024-09-20 02:00:07,723 - ERROR - Failed to decode value À¯¾î½ºÀ§´ëÇÑÄ¡Áî¼Ò½ÃÁö(GSÆíÀÇÁ: 'euc_kr' codec can't decode byte 0xc1 in position 29: incomplete multibyte sequence
2024-09-20 02:00:07,724 - ERROR - Failed to decode value ³îºÎ±èÄ¡ºÎ´ëÂî°³(³ªµé°¡°Ô)(¿Â¶: 'euc_kr' codec can't decode byte 0xb6 in position 29: incomplete multibyte sequence
2024-09-20 02:00:07,727 - ERROR - Failed to decode value ÈÆÁ¦±¸ÀÌÈÄ¶ûÅ©²¿Ä¡(À¯)(ÀÏ¹ÝÀ¯Å: 'euc_kr' codec can't decode byte 0xc5 in position 29: incomplete multibyte sequence
2024-09-20 02:00:07,750 - ERROR - Failed to decode value Á ¿ë±â(7oz)°ËÁ¤: 'euc_kr' codec can't decode byte 0x9a in position 0: illegal multibyte sequence
2024-09-20 02:00:07,750 - ERROR - Failed to decode value Á ¿ë±â ¸®µå: 'euc_kr' codec can't decode byte 0x9a in position 0: illegal multibyte sequence
2024-09-20 02:00:07,884 - ERROR - Failed to decode value À¯Åë»ç¾÷ÆÀ :  ¿ùÇâ ¶±ººÀÌ¼Ò½º(°¡Äª) »ý»ê¿ë - ÀÎÅÍ³: 'euc_kr' codec can't decode byte 0xb3 in position 49: incomplete multibyte sequence
2024-09-20 02:00:08,085 - ERROR - Failed to decode value À¯Åë)ÅÁ¼öÀ°º»´É5ÙíÅÁ¼öÀ°(±¹³»»: 'euc_kr' codec can't decode byte 0xbb in position 29: incomplete multibyte sequence
2024-09-20 02:00:08,108 - ERROR - Failed to decode value À¯Åë)ÄîÞÂüÄ¡: 'euc_kr' codec can't decode byte 0x98 in position 7: illegal multibyte sequence
2024-09-20 02:00:08,108 - ERROR - Failed to decode value À¯Åë)ÄîÞÂüÄ¡       : 'euc_kr' codec can't decode byte 0x98 in position 7: illegal multibyte sequence
2024-09-20 02:00:08,108 - ERROR - Failed to decode value À¯Åë)ÄîÞÂüÄ¡                 : 'euc_kr' codec can't decode byte 0x98 in position 7: illegal multibyte sequence
2024-09-20 02:00:08,188 - ERROR - Failed to decode value F1-3010, ÄîÞ: 'euc_kr' codec can't decode byte 0x98 in position 11: illegal multibyte sequence
2024-09-20 02:00:08,190 - ERROR - Failed to decode value ÀÓÁ÷¿ø)½½¶óÀÌ½º(µÎ¸ÞÄÚ¹«¿¬)»ï°: 'euc_kr' codec can't decode byte 0xb0 in position 29: incomplete multibyte sequence
2024-09-20 02:00:08,248 - INFO - 8807 records were inserted successfully into MySQL.
2024-09-20 02:00:08,248 - INFO - Closed MySQL connection.
2024-09-20 02:00:08,250 - INFO - Closed Informix connection.
2024-09-20 02:00:08,250 - INFO - ETL process for all records completed successfully.
2024-09-21 02:00:01,851 - INFO - Starting ETL process to fetch all records.
2024-09-21 02:00:01,852 - INFO - Connecting to Informix at 175.196.7.17:1526
2024-09-21 02:00:02,175 - INFO - Connected to Informix.
2024-09-21 02:00:02,175 - INFO - Executing query: SELECT * FROM cm_item_master
2024-09-21 02:00:05,726 - INFO - Fetched 8807 records from Informix.
2024-09-21 02:00:05,726 - INFO - Connecting to MySQL at 175.196.7.45 with UTF-8 charset
2024-09-21 02:00:05,753 - INFO - Connected to MySQL.
2024-09-21 02:00:05,753 - INFO - Truncating the MySQL table tb_item_master
2024-09-21 02:00:05,777 - INFO - MySQL table tb_item_master truncated successfully.
2024-09-21 02:00:05,778 - INFO - Sample row (converted to UTF-8): ('6051511', '6051511', '구)화이바원형', '화이바원형          ', '01', '개', '999', '기타', '1', 'outcd', 'incod', '1', '2', '       ', 0.0, '2', 10.0, 10.0, 5.0, '1100', '0', '4', 'N', '3 ', 'N', 'N', 'N', None, 0.0, 'Y', 'N', 'Y', ' ', '1', 'Y', 1.0, 1, 500, 1.0, '1', 1.0, '1', '1', 1, 0.0, 0.0, 0.0, '1', '1', '0', '09', '20040101', '29991231', '화이바원형                    ', None, None, None, None, '60', None, None, '0', None, None, None, '2', 'N', 'N', None, None, None, '12110', None, None, None, None, None, None)
2024-09-21 02:00:07,584 - ERROR - Failed to decode value ³îºÎ¹«±³µ¿³«ÁöººÀ½(¹øµé)(ÀÏ¹ÝÀ: 'euc_kr' codec can't decode byte 0xc0 in position 29: incomplete multibyte sequence
2024-09-21 02:00:07,792 - ERROR - Failed to decode value ³îºÎ ¿å½É´ãÀº ºÎ´ëÂî°³(ÀÏ¹ÝÀ¯Å: 'euc_kr' codec can't decode byte 0xc5 in position 29: incomplete multibyte sequence
2024-09-21 02:00:07,912 - ERROR - Failed to decode value ³îºÎ ¿å½É´ãÀº ÁÖ²Ù¹ÌººÀ½(¸Å¿î¸: 'euc_kr' codec can't decode byte 0xb8 in position 29: incomplete multibyte sequence
2024-09-21 02:00:07,912 - ERROR - Failed to decode value ³îºÎ ¿å½É´ãÀº ÁÖ²Ù¹ÌººÀ½(¾à°£¸: 'euc_kr' codec can't decode byte 0xb8 in position 29: incomplete multibyte sequence
2024-09-21 02:00:07,922 - ERROR - Failed to decode value À¯¾î½ºÀ§´ëÇÑÄ¡Áî¼Ò½ÃÁö(GSÆíÀÇÁ: 'euc_kr' codec can't decode byte 0xc1 in position 29: incomplete multibyte sequence
2024-09-21 02:00:07,924 - ERROR - Failed to decode value ³îºÎ±èÄ¡ºÎ´ëÂî°³(³ªµé°¡°Ô)(¿Â¶: 'euc_kr' codec can't decode byte 0xb6 in position 29: incomplete multibyte sequence
2024-09-21 02:00:07,927 - ERROR - Failed to decode value ÈÆÁ¦±¸ÀÌÈÄ¶ûÅ©²¿Ä¡(À¯)(ÀÏ¹ÝÀ¯Å: 'euc_kr' codec can't decode byte 0xc5 in position 29: incomplete multibyte sequence
2024-09-21 02:00:07,951 - ERROR - Failed to decode value Á ¿ë±â(7oz)°ËÁ¤: 'euc_kr' codec can't decode byte 0x9a in position 0: illegal multibyte sequence
2024-09-21 02:00:07,951 - ERROR - Failed to decode value Á ¿ë±â ¸®µå: 'euc_kr' codec can't decode byte 0x9a in position 0: illegal multibyte sequence
2024-09-21 02:00:08,078 - ERROR - Failed to decode value À¯Åë»ç¾÷ÆÀ :  ¿ùÇâ ¶±ººÀÌ¼Ò½º(°¡Äª) »ý»ê¿ë - ÀÎÅÍ³: 'euc_kr' codec can't decode byte 0xb3 in position 49: incomplete multibyte sequence
2024-09-21 02:00:08,286 - ERROR - Failed to decode value À¯Åë)ÅÁ¼öÀ°º»´É5ÙíÅÁ¼öÀ°(±¹³»»: 'euc_kr' codec can't decode byte 0xbb in position 29: incomplete multibyte sequence
2024-09-21 02:00:08,311 - ERROR - Failed to decode value À¯Åë)ÄîÞÂüÄ¡: 'euc_kr' codec can't decode byte 0x98 in position 7: illegal multibyte sequence
2024-09-21 02:00:08,311 - ERROR - Failed to decode value À¯Åë)ÄîÞÂüÄ¡       : 'euc_kr' codec can't decode byte 0x98 in position 7: illegal multibyte sequence
2024-09-21 02:00:08,311 - ERROR - Failed to decode value À¯Åë)ÄîÞÂüÄ¡                 : 'euc_kr' codec can't decode byte 0x98 in position 7: illegal multibyte sequence
2024-09-21 02:00:08,392 - ERROR - Failed to decode value F1-3010, ÄîÞ: 'euc_kr' codec can't decode byte 0x98 in position 11: illegal multibyte sequence
2024-09-21 02:00:08,394 - ERROR - Failed to decode value ÀÓÁ÷¿ø)½½¶óÀÌ½º(µÎ¸ÞÄÚ¹«¿¬)»ï°: 'euc_kr' codec can't decode byte 0xb0 in position 29: incomplete multibyte sequence
2024-09-21 02:00:08,451 - INFO - 8807 records were inserted successfully into MySQL.
2024-09-21 02:00:08,452 - INFO - Closed MySQL connection.
2024-09-21 02:00:08,456 - INFO - Closed Informix connection.
2024-09-21 02:00:08,456 - INFO - ETL process for all records completed successfully.
2024-09-22 02:00:01,597 - INFO - Starting ETL process to fetch all records.
2024-09-22 02:00:01,597 - INFO - Connecting to Informix at 175.196.7.17:1526
2024-09-22 02:00:01,960 - INFO - Connected to Informix.
2024-09-22 02:00:01,960 - INFO - Executing query: SELECT * FROM cm_item_master
2024-09-22 02:00:05,419 - INFO - Fetched 8807 records from Informix.
2024-09-22 02:00:05,419 - INFO - Connecting to MySQL at 175.196.7.45 with UTF-8 charset
2024-09-22 02:00:05,446 - INFO - Connected to MySQL.
2024-09-22 02:00:05,446 - INFO - Truncating the MySQL table tb_item_master
2024-09-22 02:00:05,473 - INFO - MySQL table tb_item_master truncated successfully.
2024-09-22 02:00:05,474 - INFO - Sample row (converted to UTF-8): ('6051511', '6051511', '구)화이바원형', '화이바원형          ', '01', '개', '999', '기타', '1', 'outcd', 'incod', '1', '2', '       ', 0.0, '2', 10.0, 10.0, 5.0, '1100', '0', '4', 'N', '3 ', 'N', 'N', 'N', None, 0.0, 'Y', 'N', 'Y', ' ', '1', 'Y', 1.0, 1, 500, 1.0, '1', 1.0, '1', '1', 1, 0.0, 0.0, 0.0, '1', '1', '0', '09', '20040101', '29991231', '화이바원형                    ', None, None, None, None, '60', None, None, '0', None, None, None, '2', 'N', 'N', None, None, None, '12110', None, None, None, None, None, None)
2024-09-22 02:00:07,254 - ERROR - Failed to decode value ³îºÎ¹«±³µ¿³«ÁöººÀ½(¹øµé)(ÀÏ¹ÝÀ: 'euc_kr' codec can't decode byte 0xc0 in position 29: incomplete multibyte sequence
2024-09-22 02:00:07,464 - ERROR - Failed to decode value ³îºÎ ¿å½É´ãÀº ºÎ´ëÂî°³(ÀÏ¹ÝÀ¯Å: 'euc_kr' codec can't decode byte 0xc5 in position 29: incomplete multibyte sequence
2024-09-22 02:00:07,582 - ERROR - Failed to decode value ³îºÎ ¿å½É´ãÀº ÁÖ²Ù¹ÌººÀ½(¸Å¿î¸: 'euc_kr' codec can't decode byte 0xb8 in position 29: incomplete multibyte sequence
2024-09-22 02:00:07,583 - ERROR - Failed to decode value ³îºÎ ¿å½É´ãÀº ÁÖ²Ù¹ÌººÀ½(¾à°£¸: 'euc_kr' codec can't decode byte 0xb8 in position 29: incomplete multibyte sequence
2024-09-22 02:00:07,592 - ERROR - Failed to decode value À¯¾î½ºÀ§´ëÇÑÄ¡Áî¼Ò½ÃÁö(GSÆíÀÇÁ: 'euc_kr' codec can't decode byte 0xc1 in position 29: incomplete multibyte sequence
2024-09-22 02:00:07,594 - ERROR - Failed to decode value ³îºÎ±èÄ¡ºÎ´ëÂî°³(³ªµé°¡°Ô)(¿Â¶: 'euc_kr' codec can't decode byte 0xb6 in position 29: incomplete multibyte sequence
2024-09-22 02:00:07,597 - ERROR - Failed to decode value ÈÆÁ¦±¸ÀÌÈÄ¶ûÅ©²¿Ä¡(À¯)(ÀÏ¹ÝÀ¯Å: 'euc_kr' codec can't decode byte 0xc5 in position 29: incomplete multibyte sequence
2024-09-22 02:00:07,621 - ERROR - Failed to decode value Á ¿ë±â(7oz)°ËÁ¤: 'euc_kr' codec can't decode byte 0x9a in position 0: illegal multibyte sequence
2024-09-22 02:00:07,621 - ERROR - Failed to decode value Á ¿ë±â ¸®µå: 'euc_kr' codec can't decode byte 0x9a in position 0: illegal multibyte sequence
2024-09-22 02:00:07,745 - ERROR - Failed to decode value À¯Åë»ç¾÷ÆÀ :  ¿ùÇâ ¶±ººÀÌ¼Ò½º(°¡Äª) »ý»ê¿ë - ÀÎÅÍ³: 'euc_kr' codec can't decode byte 0xb3 in position 49: incomplete multibyte sequence
2024-09-22 02:00:07,942 - ERROR - Failed to decode value À¯Åë)ÅÁ¼öÀ°º»´É5ÙíÅÁ¼öÀ°(±¹³»»: 'euc_kr' codec can't decode byte 0xbb in position 29: incomplete multibyte sequence
2024-09-22 02:00:07,968 - ERROR - Failed to decode value À¯Åë)ÄîÞÂüÄ¡: 'euc_kr' codec can't decode byte 0x98 in position 7: illegal multibyte sequence
2024-09-22 02:00:07,969 - ERROR - Failed to decode value À¯Åë)ÄîÞÂüÄ¡       : 'euc_kr' codec can't decode byte 0x98 in position 7: illegal multibyte sequence
2024-09-22 02:00:07,969 - ERROR - Failed to decode value À¯Åë)ÄîÞÂüÄ¡                 : 'euc_kr' codec can't decode byte 0x98 in position 7: illegal multibyte sequence
2024-09-22 02:00:08,050 - ERROR - Failed to decode value F1-3010, ÄîÞ: 'euc_kr' codec can't decode byte 0x98 in position 11: illegal multibyte sequence
2024-09-22 02:00:08,052 - ERROR - Failed to decode value ÀÓÁ÷¿ø)½½¶óÀÌ½º(µÎ¸ÞÄÚ¹«¿¬)»ï°: 'euc_kr' codec can't decode byte 0xb0 in position 29: incomplete multibyte sequence
2024-09-22 02:00:08,117 - INFO - 8807 records were inserted successfully into MySQL.
2024-09-22 02:00:08,117 - INFO - Closed MySQL connection.
2024-09-22 02:00:08,120 - INFO - Closed Informix connection.
2024-09-22 02:00:08,120 - INFO - ETL process for all records completed successfully.
2024-09-23 02:00:01,691 - INFO - Starting ETL process to fetch all records.
2024-09-23 02:00:01,691 - INFO - Connecting to Informix at 175.196.7.17:1526
2024-09-23 02:00:02,005 - INFO - Connected to Informix.
2024-09-23 02:00:02,005 - INFO - Executing query: SELECT * FROM cm_item_master
2024-09-23 02:00:05,393 - INFO - Fetched 8807 records from Informix.
2024-09-23 02:00:05,394 - INFO - Connecting to MySQL at 175.196.7.45 with UTF-8 charset
2024-09-23 02:00:05,421 - INFO - Connected to MySQL.
2024-09-23 02:00:05,421 - INFO - Truncating the MySQL table tb_item_master
2024-09-23 02:00:05,448 - INFO - MySQL table tb_item_master truncated successfully.
2024-09-23 02:00:05,449 - INFO - Sample row (converted to UTF-8): ('6051511', '6051511', '구)화이바원형', '화이바원형          ', '01', '개', '999', '기타', '1', 'outcd', 'incod', '1', '2', '       ', 0.0, '2', 10.0, 10.0, 5.0, '1100', '0', '4', 'N', '3 ', 'N', 'N', 'N', None, 0.0, 'Y', 'N', 'Y', ' ', '1', 'Y', 1.0, 1, 500, 1.0, '1', 1.0, '1', '1', 1, 0.0, 0.0, 0.0, '1', '1', '0', '09', '20040101', '29991231', '화이바원형                    ', None, None, None, None, '60', None, None, '0', None, None, None, '2', 'N', 'N', None, None, None, '12110', None, None, None, None, None, None)
2024-09-23 02:00:07,259 - ERROR - Failed to decode value ³îºÎ¹«±³µ¿³«ÁöººÀ½(¹øµé)(ÀÏ¹ÝÀ: 'euc_kr' codec can't decode byte 0xc0 in position 29: incomplete multibyte sequence
2024-09-23 02:00:07,477 - ERROR - Failed to decode value ³îºÎ ¿å½É´ãÀº ºÎ´ëÂî°³(ÀÏ¹ÝÀ¯Å: 'euc_kr' codec can't decode byte 0xc5 in position 29: incomplete multibyte sequence
2024-09-23 02:00:07,599 - ERROR - Failed to decode value ³îºÎ ¿å½É´ãÀº ÁÖ²Ù¹ÌººÀ½(¸Å¿î¸: 'euc_kr' codec can't decode byte 0xb8 in position 29: incomplete multibyte sequence
2024-09-23 02:00:07,599 - ERROR - Failed to decode value ³îºÎ ¿å½É´ãÀº ÁÖ²Ù¹ÌººÀ½(¾à°£¸: 'euc_kr' codec can't decode byte 0xb8 in position 29: incomplete multibyte sequence
2024-09-23 02:00:07,609 - ERROR - Failed to decode value À¯¾î½ºÀ§´ëÇÑÄ¡Áî¼Ò½ÃÁö(GSÆíÀÇÁ: 'euc_kr' codec can't decode byte 0xc1 in position 29: incomplete multibyte sequence
2024-09-23 02:00:07,610 - ERROR - Failed to decode value ³îºÎ±èÄ¡ºÎ´ëÂî°³(³ªµé°¡°Ô)(¿Â¶: 'euc_kr' codec can't decode byte 0xb6 in position 29: incomplete multibyte sequence
2024-09-23 02:00:07,614 - ERROR - Failed to decode value ÈÆÁ¦±¸ÀÌÈÄ¶ûÅ©²¿Ä¡(À¯)(ÀÏ¹ÝÀ¯Å: 'euc_kr' codec can't decode byte 0xc5 in position 29: incomplete multibyte sequence
2024-09-23 02:00:07,637 - ERROR - Failed to decode value Á ¿ë±â(7oz)°ËÁ¤: 'euc_kr' codec can't decode byte 0x9a in position 0: illegal multibyte sequence
2024-09-23 02:00:07,637 - ERROR - Failed to decode value Á ¿ë±â ¸®µå: 'euc_kr' codec can't decode byte 0x9a in position 0: illegal multibyte sequence
2024-09-23 02:00:07,764 - ERROR - Failed to decode value À¯Åë»ç¾÷ÆÀ :  ¿ùÇâ ¶±ººÀÌ¼Ò½º(°¡Äª) »ý»ê¿ë - ÀÎÅÍ³: 'euc_kr' codec can't decode byte 0xb3 in position 49: incomplete multibyte sequence
2024-09-23 02:00:07,963 - ERROR - Failed to decode value À¯Åë)ÅÁ¼öÀ°º»´É5ÙíÅÁ¼öÀ°(±¹³»»: 'euc_kr' codec can't decode byte 0xbb in position 29: incomplete multibyte sequence
2024-09-23 02:00:07,986 - ERROR - Failed to decode value À¯Åë)ÄîÞÂüÄ¡: 'euc_kr' codec can't decode byte 0x98 in position 7: illegal multibyte sequence
2024-09-23 02:00:07,986 - ERROR - Failed to decode value À¯Åë)ÄîÞÂüÄ¡       : 'euc_kr' codec can't decode byte 0x98 in position 7: illegal multibyte sequence
2024-09-23 02:00:07,986 - ERROR - Failed to decode value À¯Åë)ÄîÞÂüÄ¡                 : 'euc_kr' codec can't decode byte 0x98 in position 7: illegal multibyte sequence
2024-09-23 02:00:08,062 - ERROR - Failed to decode value F1-3010, ÄîÞ: 'euc_kr' codec can't decode byte 0x98 in position 11: illegal multibyte sequence
2024-09-23 02:00:08,064 - ERROR - Failed to decode value ÀÓÁ÷¿ø)½½¶óÀÌ½º(µÎ¸ÞÄÚ¹«¿¬)»ï°: 'euc_kr' codec can't decode byte 0xb0 in position 29: incomplete multibyte sequence
2024-09-23 02:00:08,122 - INFO - 8807 records were inserted successfully into MySQL.
2024-09-23 02:00:08,122 - INFO - Closed MySQL connection.
2024-09-23 02:00:08,124 - INFO - Closed Informix connection.
2024-09-23 02:00:08,124 - INFO - ETL process for all records completed successfully.
2024-09-24 02:00:01,797 - INFO - Starting ETL process to fetch all records.
2024-09-24 02:00:01,797 - INFO - Connecting to Informix at 175.196.7.17:1526
2024-09-24 02:00:02,155 - INFO - Connected to Informix.
2024-09-24 02:00:02,155 - INFO - Executing query: SELECT * FROM cm_item_master
2024-09-24 02:00:05,733 - INFO - Fetched 8807 records from Informix.
2024-09-24 02:00:05,734 - INFO - Connecting to MySQL at 175.196.7.45 with UTF-8 charset
2024-09-24 02:00:05,761 - INFO - Connected to MySQL.
2024-09-24 02:00:05,761 - INFO - Truncating the MySQL table tb_item_master
2024-09-24 02:00:05,761 - ERROR - ETL process failed: 1146 (42S02): Table 'nolboo.tb_item_master' doesn't exist
2024-09-25 02:00:01,498 - INFO - Starting ETL process to fetch all records.
2024-09-25 02:00:01,498 - INFO - Connecting to Informix at 175.196.7.17:1526
2024-09-25 02:00:01,850 - INFO - Connected to Informix.
2024-09-25 02:00:01,851 - INFO - Executing query: SELECT * FROM cm_item_master
2024-09-25 02:00:05,411 - INFO - Fetched 8807 records from Informix.
2024-09-25 02:00:05,411 - INFO - Connecting to MySQL at 175.196.7.45 with UTF-8 charset
2024-09-25 02:00:05,438 - INFO - Connected to MySQL.
2024-09-25 02:00:05,438 - INFO - Truncating the MySQL table tb_item_master
2024-09-25 02:00:05,438 - ERROR - ETL process failed: 1146 (42S02): Table 'nolboo.tb_item_master' doesn't exist
2024-09-26 02:00:01,493 - INFO - Starting ETL process to fetch all records.
2024-09-26 02:00:01,493 - INFO - Connecting to Informix at 175.196.7.17:1526
2024-09-26 02:00:01,812 - INFO - Connected to Informix.
2024-09-26 02:00:01,812 - INFO - Executing query: SELECT * FROM cm_item_master
2024-09-26 02:00:05,333 - INFO - Fetched 8807 records from Informix.
2024-09-26 02:00:05,333 - INFO - Connecting to MySQL at 175.196.7.45 with UTF-8 charset
2024-09-26 02:00:05,360 - INFO - Connected to MySQL.
2024-09-26 02:00:05,360 - INFO - Truncating the MySQL table tb_item_master
2024-09-26 02:00:05,360 - ERROR - ETL process failed: 1146 (42S02): Table 'nolboo.tb_item_master' doesn't exist
2024-09-27 02:00:01,271 - INFO - Starting ETL process to fetch all records.
2024-09-27 02:00:01,271 - INFO - Connecting to Informix at 175.196.7.17:1526
2024-09-27 02:00:01,588 - INFO - Connected to Informix.
2024-09-27 02:00:01,588 - INFO - Executing query: SELECT * FROM cm_item_master
2024-09-27 02:00:05,062 - INFO - Fetched 8807 records from Informix.
2024-09-27 02:00:05,062 - INFO - Connecting to MySQL at 175.196.7.45 with UTF-8 charset
2024-09-27 02:00:05,088 - INFO - Connected to MySQL.
2024-09-27 02:00:05,089 - INFO - Truncating the MySQL table tb_item_master
2024-09-27 02:00:05,089 - ERROR - ETL process failed: 1146 (42S02): Table 'nolboo.tb_item_master' doesn't exist
2024-09-28 02:00:01,832 - INFO - Starting ETL process to fetch all records.
2024-09-28 02:00:01,832 - INFO - Connecting to Informix at 175.196.7.17:1526
2024-09-28 02:00:02,108 - INFO - Connected to Informix.
2024-09-28 02:00:02,108 - INFO - Executing query: SELECT * FROM cm_item_master
2024-09-28 02:00:05,760 - INFO - Fetched 8808 records from Informix.
2024-09-28 02:00:05,760 - INFO - Connecting to MySQL at 175.196.7.45 with UTF-8 charset
2024-09-28 02:00:05,787 - INFO - Connected to MySQL.
2024-09-28 02:00:05,787 - INFO - Truncating the MySQL table tb_item_master
2024-09-28 02:00:05,788 - ERROR - ETL process failed: 1146 (42S02): Table 'nolboo.tb_item_master' doesn't exist
2024-09-29 02:00:01,252 - INFO - Starting ETL process to fetch all records.
2024-09-29 02:00:01,252 - INFO - Connecting to Informix at 175.196.7.17:1526
2024-09-29 02:00:01,586 - INFO - Connected to Informix.
2024-09-29 02:00:01,586 - INFO - Executing query: SELECT * FROM cm_item_master
2024-09-29 02:00:05,223 - INFO - Fetched 8808 records from Informix.
2024-09-29 02:00:05,223 - INFO - Connecting to MySQL at 175.196.7.45 with UTF-8 charset
2024-09-29 02:00:05,249 - INFO - Connected to MySQL.
2024-09-29 02:00:05,249 - INFO - Truncating the MySQL table tb_item_master
2024-09-29 02:00:05,250 - ERROR - ETL process failed: 1146 (42S02): Table 'nolboo.tb_item_master' doesn't exist
2024-09-30 02:00:01,448 - INFO - Starting ETL process to fetch all records.
2024-09-30 02:00:01,448 - INFO - Connecting to Informix at 175.196.7.17:1526
2024-09-30 02:00:01,831 - INFO - Connected to Informix.
2024-09-30 02:00:01,831 - INFO - Executing query: SELECT * FROM cm_item_master
2024-09-30 02:00:05,483 - INFO - Fetched 8808 records from Informix.
2024-09-30 02:00:05,483 - INFO - Connecting to MySQL at 175.196.7.45 with UTF-8 charset
2024-09-30 02:00:05,510 - INFO - Connected to MySQL.
2024-09-30 02:00:05,510 - INFO - Truncating the MySQL table tb_item_master
2024-09-30 02:00:05,510 - ERROR - ETL process failed: 1146 (42S02): Table 'nolboo.tb_item_master' doesn't exist
2024-10-01 02:00:01,358 - INFO - Starting ETL process to fetch all records.
2024-10-01 02:00:01,358 - INFO - Connecting to Informix at 175.196.7.17:1526
2024-10-01 02:00:01,678 - INFO - Connected to Informix.
2024-10-01 02:00:01,678 - INFO - Executing query: SELECT * FROM cm_item_master
2024-10-01 02:00:05,126 - INFO - Fetched 8809 records from Informix.
2024-10-01 02:00:05,126 - INFO - Connecting to MySQL at 175.196.7.45 with UTF-8 charset
2024-10-01 02:00:05,153 - INFO - Connected to MySQL.
2024-10-01 02:00:05,153 - INFO - Truncating the MySQL table tb_item_master
2024-10-01 02:00:05,154 - ERROR - ETL process failed: 1146 (42S02): Table 'nolboo.tb_item_master' doesn't exist
2024-10-02 02:00:02,025 - INFO - Starting ETL process to fetch all records.
2024-10-02 02:00:02,025 - INFO - Connecting to Informix at 175.196.7.17:1526
2024-10-02 02:00:02,357 - INFO - Connected to Informix.
2024-10-02 02:00:02,357 - INFO - Executing query: SELECT * FROM cm_item_master
2024-10-02 02:00:06,389 - INFO - Fetched 8809 records from Informix.
2024-10-02 02:00:06,389 - INFO - Connecting to MySQL at 175.196.7.45 with UTF-8 charset
2024-10-02 02:00:06,417 - INFO - Connected to MySQL.
2024-10-02 02:00:06,417 - INFO - Truncating the MySQL table tb_item_master
2024-10-02 02:00:06,417 - ERROR - ETL process failed: 1146 (42S02): Table 'nolboo.tb_item_master' doesn't exist
2024-10-03 02:00:01,291 - INFO - Starting ETL process to fetch all records.
2024-10-03 02:00:01,291 - INFO - Connecting to Informix at 175.196.7.17:1526
2024-10-03 02:00:01,628 - INFO - Connected to Informix.
2024-10-03 02:00:01,628 - INFO - Executing query: SELECT * FROM cm_item_master
2024-10-03 02:00:05,179 - INFO - Fetched 8812 records from Informix.
2024-10-03 02:00:05,179 - INFO - Connecting to MySQL at 175.196.7.45 with UTF-8 charset
2024-10-03 02:00:05,206 - INFO - Connected to MySQL.
2024-10-03 02:00:05,206 - INFO - Truncating the MySQL table tb_item_master
2024-10-03 02:00:05,207 - ERROR - ETL process failed: 1146 (42S02): Table 'nolboo.tb_item_master' doesn't exist
2024-10-04 02:00:01,265 - INFO - Starting ETL process to fetch all records.
2024-10-04 02:00:01,265 - INFO - Connecting to Informix at 175.196.7.17:1526
2024-10-04 02:00:01,630 - INFO - Connected to Informix.
2024-10-04 02:00:01,630 - INFO - Executing query: SELECT * FROM cm_item_master
2024-10-04 02:00:05,400 - INFO - Fetched 8812 records from Informix.
2024-10-04 02:00:05,401 - INFO - Connecting to MySQL at 175.196.7.45 with UTF-8 charset
2024-10-04 02:00:05,427 - INFO - Connected to MySQL.
2024-10-04 02:00:05,427 - INFO - Truncating the MySQL table tb_item_master
2024-10-04 02:00:05,428 - ERROR - ETL process failed: 1146 (42S02): Table 'nolboo.tb_item_master' doesn't exist
2024-10-05 02:00:01,537 - INFO - Starting ETL process to fetch all records.
2024-10-05 02:00:01,537 - INFO - Connecting to Informix at 175.196.7.17:1526
2024-10-05 02:00:01,914 - INFO - Connected to Informix.
2024-10-05 02:00:01,914 - INFO - Executing query: SELECT * FROM cm_item_master
2024-10-05 02:00:05,685 - INFO - Fetched 8812 records from Informix.
2024-10-05 02:00:05,685 - INFO - Connecting to MySQL at 175.196.7.45 with UTF-8 charset
2024-10-05 02:00:05,713 - INFO - Connected to MySQL.
2024-10-05 02:00:05,714 - INFO - Truncating the MySQL table tb_item_master
2024-10-05 02:00:05,714 - ERROR - ETL process failed: 1146 (42S02): Table 'nolboo.tb_item_master' doesn't exist
2024-10-06 02:00:02,014 - INFO - Starting ETL process to fetch all records.
2024-10-06 02:00:02,014 - INFO - Connecting to Informix at 175.196.7.17:1526
2024-10-06 02:00:02,368 - INFO - Connected to Informix.
2024-10-06 02:00:02,369 - INFO - Executing query: SELECT * FROM cm_item_master
2024-10-06 02:00:05,995 - INFO - Fetched 8812 records from Informix.
2024-10-06 02:00:05,995 - INFO - Connecting to MySQL at 175.196.7.45 with UTF-8 charset
2024-10-06 02:00:06,026 - INFO - Connected to MySQL.
2024-10-06 02:00:06,026 - INFO - Truncating the MySQL table tb_item_master
2024-10-06 02:00:06,026 - ERROR - ETL process failed: 1146 (42S02): Table 'nolboo.tb_item_master' doesn't exist
2024-10-07 02:00:01,262 - INFO - Starting ETL process to fetch all records.
2024-10-07 02:00:01,263 - INFO - Connecting to Informix at 175.196.7.17:1526
2024-10-07 02:00:01,580 - INFO - Connected to Informix.
2024-10-07 02:00:01,580 - INFO - Executing query: SELECT * FROM cm_item_master
2024-10-07 02:00:05,126 - INFO - Fetched 8812 records from Informix.
2024-10-07 02:00:05,126 - INFO - Connecting to MySQL at 175.196.7.45 with UTF-8 charset
2024-10-07 02:00:05,152 - INFO - Connected to MySQL.
2024-10-07 02:00:05,152 - INFO - Truncating the MySQL table tb_item_master
2024-10-07 02:00:05,153 - ERROR - ETL process failed: 1146 (42S02): Table 'nolboo.tb_item_master' doesn't exist
2024-10-08 02:00:01,408 - INFO - Starting ETL process to fetch all records.
2024-10-08 02:00:01,408 - INFO - Connecting to Informix at 175.196.7.17:1526
2024-10-08 02:00:01,708 - INFO - Connected to Informix.
2024-10-08 02:00:01,708 - INFO - Executing query: SELECT * FROM cm_item_master
2024-10-08 02:00:05,330 - INFO - Fetched 8813 records from Informix.
2024-10-08 02:00:05,330 - INFO - Connecting to MySQL at 175.196.7.45 with UTF-8 charset
2024-10-08 02:00:05,359 - INFO - Connected to MySQL.
2024-10-08 02:00:05,359 - INFO - Truncating the MySQL table tb_item_master
2024-10-08 02:00:05,359 - ERROR - ETL process failed: 1146 (42S02): Table 'nolboo.tb_item_master' doesn't exist
2024-10-09 02:00:01,225 - INFO - Starting ETL process to fetch all records.
2024-10-09 02:00:01,225 - INFO - Connecting to Informix at 175.196.7.17:1526
2024-10-09 02:00:01,536 - INFO - Connected to Informix.
2024-10-09 02:00:01,536 - INFO - Executing query: SELECT * FROM cm_item_master
2024-10-09 02:00:05,294 - INFO - Fetched 8819 records from Informix.
2024-10-09 02:00:05,294 - INFO - Connecting to MySQL at 175.196.7.45 with UTF-8 charset
2024-10-09 02:00:05,321 - INFO - Connected to MySQL.
2024-10-09 02:00:05,321 - INFO - Truncating the MySQL table tb_item_master
2024-10-09 02:00:05,322 - ERROR - ETL process failed: 1146 (42S02): Table 'nolboo.tb_item_master' doesn't exist
2024-10-10 02:00:01,428 - INFO - Starting ETL process to fetch all records.
2024-10-10 02:00:01,428 - INFO - Connecting to Informix at 175.196.7.17:1526
2024-10-10 02:00:01,807 - INFO - Connected to Informix.
2024-10-10 02:00:01,808 - INFO - Executing query: SELECT * FROM cm_item_master
2024-10-10 02:00:05,559 - INFO - Fetched 8819 records from Informix.
2024-10-10 02:00:05,559 - INFO - Connecting to MySQL at 175.196.7.45 with UTF-8 charset
2024-10-10 02:00:05,587 - INFO - Connected to MySQL.
2024-10-10 02:00:05,587 - INFO - Truncating the MySQL table tb_item_master
2024-10-10 02:00:05,587 - ERROR - ETL process failed: 1146 (42S02): Table 'nolboo.tb_item_master' doesn't exist
2024-10-11 02:00:01,566 - INFO - Starting ETL process to fetch all records.
2024-10-11 02:00:01,566 - INFO - Connecting to Informix at 175.196.7.17:1526
2024-10-11 02:00:01,956 - INFO - Connected to Informix.
2024-10-11 02:00:01,956 - INFO - Executing query: SELECT * FROM cm_item_master
2024-10-11 02:00:05,855 - INFO - Fetched 8819 records from Informix.
2024-10-11 02:00:05,855 - INFO - Connecting to MySQL at 175.196.7.45 with UTF-8 charset
2024-10-11 02:00:05,882 - INFO - Connected to MySQL.
2024-10-11 02:00:05,882 - INFO - Truncating the MySQL table tb_item_master
2024-10-11 02:00:05,882 - ERROR - ETL process failed: 1146 (42S02): Table 'nolboo.tb_item_master' doesn't exist
2024-10-12 02:00:01,717 - INFO - Starting ETL process to fetch all records.
2024-10-12 02:00:01,717 - INFO - Connecting to Informix at 175.196.7.17:1526
2024-10-12 02:00:02,019 - INFO - Connected to Informix.
2024-10-12 02:00:02,019 - INFO - Executing query: SELECT * FROM cm_item_master
2024-10-12 02:00:05,697 - INFO - Fetched 8819 records from Informix.
2024-10-12 02:00:05,697 - INFO - Connecting to MySQL at 175.196.7.45 with UTF-8 charset
2024-10-12 02:00:05,724 - INFO - Connected to MySQL.
2024-10-12 02:00:05,724 - INFO - Truncating the MySQL table tb_item_master
2024-10-12 02:00:05,725 - ERROR - ETL process failed: 1146 (42S02): Table 'nolboo.tb_item_master' doesn't exist
2024-10-13 02:00:01,946 - INFO - Starting ETL process to fetch all records.
2024-10-13 02:00:01,947 - INFO - Connecting to Informix at 175.196.7.17:1526
2024-10-13 02:00:02,345 - INFO - Connected to Informix.
2024-10-13 02:00:02,345 - INFO - Executing query: SELECT * FROM cm_item_master
2024-10-13 02:00:05,994 - INFO - Fetched 8819 records from Informix.
2024-10-13 02:00:05,994 - INFO - Connecting to MySQL at 175.196.7.45 with UTF-8 charset
2024-10-13 02:00:06,022 - INFO - Connected to MySQL.
2024-10-13 02:00:06,022 - INFO - Truncating the MySQL table tb_item_master
2024-10-13 02:00:06,022 - ERROR - ETL process failed: 1146 (42S02): Table 'nolboo.tb_item_master' doesn't exist
2024-10-14 02:00:01,533 - INFO - Starting ETL process to fetch all records.
2024-10-14 02:00:01,533 - INFO - Connecting to Informix at 175.196.7.17:1526
2024-10-14 02:00:02,201 - INFO - Connected to Informix.
2024-10-14 02:00:02,201 - INFO - Executing query: SELECT * FROM cm_item_master
2024-10-14 02:00:05,831 - INFO - Fetched 8819 records from Informix.
2024-10-14 02:00:05,831 - INFO - Connecting to MySQL at 175.196.7.45 with UTF-8 charset
2024-10-14 02:00:05,858 - INFO - Connected to MySQL.
2024-10-14 02:00:05,858 - INFO - Truncating the MySQL table tb_item_master
2024-10-14 02:00:05,859 - ERROR - ETL process failed: 1146 (42S02): Table 'nolboo.tb_item_master' doesn't exist
2024-10-15 02:00:01,943 - INFO - Starting ETL process to fetch all records.
2024-10-15 02:00:01,943 - INFO - Connecting to Informix at 175.196.7.17:1526
2024-10-15 02:00:02,246 - INFO - Connected to Informix.
2024-10-15 02:00:02,246 - INFO - Executing query: SELECT * FROM cm_item_master
2024-10-15 02:00:06,124 - INFO - Fetched 8819 records from Informix.
2024-10-15 02:00:06,124 - INFO - Connecting to MySQL at 175.196.7.45 with UTF-8 charset
2024-10-15 02:00:06,151 - INFO - Connected to MySQL.
2024-10-15 02:00:06,151 - INFO - Truncating the MySQL table tb_item_master
2024-10-15 02:00:06,152 - ERROR - ETL process failed: 1146 (42S02): Table 'nolboo.tb_item_master' doesn't exist
2024-10-16 02:00:01,368 - INFO - Starting ETL process to fetch all records.
2024-10-16 02:00:01,373 - INFO - Connecting to Informix at 175.196.7.17:1526
2024-10-16 02:00:01,674 - INFO - Connected to Informix.
2024-10-16 02:00:01,674 - INFO - Executing query: SELECT * FROM cm_item_master
2024-10-16 02:00:05,365 - INFO - Fetched 8819 records from Informix.
2024-10-16 02:00:05,365 - INFO - Connecting to MySQL at 175.196.7.45 with UTF-8 charset
2024-10-16 02:00:05,392 - INFO - Connected to MySQL.
2024-10-16 02:00:05,392 - INFO - Truncating the MySQL table tb_item_master
2024-10-16 02:00:05,392 - ERROR - ETL process failed: 1146 (42S02): Table 'nolboo.tb_item_master' doesn't exist
